2023-11-05 10:37:13,928 [INFO] Activator:177 - 


2023-11-05 10:37:13,932 [INFO] Activator:178 - !SESSION log4j initialized
2023-11-05 10:37:36,634 [INFO] McuFinderGlobals:39 - Set McuFinder mode to 2 (CubeIDE integrated)
2023-11-05 10:37:37,077 [INFO] ApplicationProperties:181 - Using Application install path: C:\ST\STM32CubeIDE_1.7.0\STM32CubeIDE\plugins\com.st.stm32cube.common.mx_6.3.0.202107141111
2023-11-05 10:37:37,094 [INFO] DbMcusXml:74 - Set database path to: C:\ST\STM32CubeIDE_1.7.0\STM32CubeIDE\plugins\com.st.stm32cube.common.mx_6.3.0.202107141111\\db\/mcu/
2023-11-05 10:37:37,097 [INFO] DbBoardsPdsc:56 - Set plugin database path to: C:\ST\STM32CubeIDE_1.7.0\STM32CubeIDE\plugins\com.st.stm32cube.common.mx_6.3.0.202107141111\\db\/plugins/boardmanager/
2023-11-05 10:37:37,099 [INFO] DbMcus:258 - Set plugin images path to: C:\ST\STM32CubeIDE_1.7.0\STM32CubeIDE\plugins\com.st.stm32cube.common.mx_6.3.0.202107141111\\db\/plugins/mcufinder/images/
2023-11-05 10:37:37,101 [INFO] DbBoards:264 - Set plugin images path to: C:\ST\STM32CubeIDE_1.7.0\STM32CubeIDE\plugins\com.st.stm32cube.common.mx_6.3.0.202107141111\\db\/plugins/mcufinder/images/
2023-11-05 10:37:37,104 [INFO] DbExamples:333 - Set plugin images path to: C:\ST\STM32CubeIDE_1.7.0\STM32CubeIDE\plugins\com.st.stm32cube.common.mx_6.3.0.202107141111\\db\/plugins/mcufinder/images/
2023-11-05 10:37:37,111 [INFO] DbMcusAds:119 - Set database path to: C:\Users\takudo\.stmcufinder\plugins\mcufinder//mcu/
2023-11-05 10:37:37,112 [INFO] DbMcusDocs:110 - Set database path to: C:\Users\takudo\.stmcufinder\plugins\mcufinder//mcu/
2023-11-05 10:37:37,115 [INFO] DbMcusJson:64 - Set database path to: C:\Users\takudo\.stmcufinder\plugins\mcufinder//mcu/
2023-11-05 10:37:37,115 [INFO] DbBoardsDocs:110 - Set database path to: C:\Users\takudo\.stmcufinder\plugins\mcufinder//mcu/
2023-11-05 10:37:37,118 [INFO] DbBoardsJson:57 - Set database path to: C:\Users\takudo\.stmcufinder\plugins\mcufinder//mcu/
2023-11-05 10:37:37,751 [INFO] CrossReferenceDbSqlite:196 - Set database path to: C:\Users\takudo\.stmcufinder\plugins\mcufinder//mcu/cs/
2023-11-05 10:37:37,763 [INFO] DbExamplesSqlite:767 - Set database path to: C:\Users\takudo\.stmcufinder\plugins\mcufinder//mcu/
2023-11-05 10:37:37,951 [INFO] RulesReader:57 - Compatibility file has been processed (242 Rules)
2023-11-05 10:37:38,081 [INFO] DbMcusXml:74 - Set database path to: C:\ST\STM32CubeIDE_1.7.0\STM32CubeIDE\plugins\com.st.stm32cube.common.mx_6.3.0.202107141111\\db\/mcu/
2023-11-05 10:37:38,083 [INFO] DbBoardsPdsc:56 - Set plugin database path to: C:\ST\STM32CubeIDE_1.7.0\STM32CubeIDE\plugins\com.st.stm32cube.common.mx_6.3.0.202107141111\\db\/plugins/boardmanager/
2023-11-05 10:37:38,083 [INFO] DbMcus:258 - Set plugin images path to: C:\ST\STM32CubeIDE_1.7.0\STM32CubeIDE\plugins\com.st.stm32cube.common.mx_6.3.0.202107141111\\db\/plugins/mcufinder/images/
2023-11-05 10:37:38,083 [INFO] DbBoards:264 - Set plugin images path to: C:\ST\STM32CubeIDE_1.7.0\STM32CubeIDE\plugins\com.st.stm32cube.common.mx_6.3.0.202107141111\\db\/plugins/mcufinder/images/
2023-11-05 10:37:38,085 [INFO] DbExamples:333 - Set plugin images path to: C:\ST\STM32CubeIDE_1.7.0\STM32CubeIDE\plugins\com.st.stm32cube.common.mx_6.3.0.202107141111\\db\/plugins/mcufinder/images/
2023-11-05 10:37:38,085 [WARN] DbFile:35 - Overriding database path with different value: C:\Users\takudo\.stmcufinder\plugins\mcufinder/ => C:\Users\takudo\.stmcufinder\plugins\mcufinder
2023-11-05 10:37:38,085 [INFO] DbMcusAds:119 - Set database path to: C:\Users\takudo\.stmcufinder\plugins\mcufinder//mcu/
2023-11-05 10:37:38,085 [WARN] DbFile:35 - Overriding database path with different value: C:\Users\takudo\.stmcufinder\plugins\mcufinder/ => C:\Users\takudo\.stmcufinder\plugins\mcufinder
2023-11-05 10:37:38,085 [INFO] DbMcusDocs:110 - Set database path to: C:\Users\takudo\.stmcufinder\plugins\mcufinder//mcu/
2023-11-05 10:37:38,085 [WARN] DbFile:35 - Overriding database path with different value: C:\Users\takudo\.stmcufinder\plugins\mcufinder/ => C:\Users\takudo\.stmcufinder\plugins\mcufinder
2023-11-05 10:37:38,085 [INFO] DbMcusJson:64 - Set database path to: C:\Users\takudo\.stmcufinder\plugins\mcufinder//mcu/
2023-11-05 10:37:38,086 [WARN] DbFile:35 - Overriding database path with different value: C:\Users\takudo\.stmcufinder\plugins\mcufinder/ => C:\Users\takudo\.stmcufinder\plugins\mcufinder
2023-11-05 10:37:38,086 [INFO] DbBoardsDocs:110 - Set database path to: C:\Users\takudo\.stmcufinder\plugins\mcufinder//mcu/
2023-11-05 10:37:38,086 [WARN] DbFile:35 - Overriding database path with different value: C:\Users\takudo\.stmcufinder\plugins\mcufinder/ => C:\Users\takudo\.stmcufinder\plugins\mcufinder
2023-11-05 10:37:38,086 [INFO] DbBoardsJson:57 - Set database path to: C:\Users\takudo\.stmcufinder\plugins\mcufinder//mcu/
2023-11-05 10:37:38,086 [WARN] DbFile:35 - Overriding database path with different value: C:\Users\takudo\.stmcufinder\plugins\mcufinder/ => C:\Users\takudo\.stmcufinder\plugins\mcufinder
2023-11-05 10:37:38,088 [WARN] DbFile:35 - Overriding database path with different value: C:\Users\takudo\.stmcufinder\plugins\mcufinder/ => C:\Users\takudo\.stmcufinder\plugins\mcufinder
2023-11-05 10:37:38,759 [INFO] CrossReferenceDbSqlite:196 - Set database path to: C:\Users\takudo\.stmcufinder\plugins\mcufinder//mcu/cs/
2023-11-05 10:37:38,766 [WARN] DbFile:35 - Overriding database path with different value: C:\Users\takudo\.stmcufinder\plugins\mcufinder/ => C:\Users\takudo\.stmcufinder\plugins\mcufinder
2023-11-05 10:37:38,767 [INFO] DbExamplesSqlite:767 - Set database path to: C:\Users\takudo\.stmcufinder\plugins\mcufinder//mcu/
2023-11-05 10:37:38,899 [INFO] MainPanel:214 - HeapMemory: 268435456
2023-11-05 10:37:39,021 [INFO] DbMcusXml:74 - Set database path to: C:\ST\STM32CubeIDE_1.7.0\STM32CubeIDE\plugins\com.st.stm32cube.common.mx_6.3.0.202107141111\\db\/mcu/
2023-11-05 10:37:39,021 [INFO] DbBoardsPdsc:56 - Set plugin database path to: C:\ST\STM32CubeIDE_1.7.0\STM32CubeIDE\plugins\com.st.stm32cube.common.mx_6.3.0.202107141111\\db\/plugins/boardmanager/
2023-11-05 10:37:39,021 [INFO] DbMcus:258 - Set plugin images path to: C:\ST\STM32CubeIDE_1.7.0\STM32CubeIDE\plugins\com.st.stm32cube.common.mx_6.3.0.202107141111\\db\/plugins/mcufinder/images/
2023-11-05 10:37:39,021 [INFO] DbBoards:264 - Set plugin images path to: C:\ST\STM32CubeIDE_1.7.0\STM32CubeIDE\plugins\com.st.stm32cube.common.mx_6.3.0.202107141111\\db\/plugins/mcufinder/images/
2023-11-05 10:37:39,021 [INFO] DbExamples:333 - Set plugin images path to: C:\ST\STM32CubeIDE_1.7.0\STM32CubeIDE\plugins\com.st.stm32cube.common.mx_6.3.0.202107141111\\db\/plugins/mcufinder/images/
2023-11-05 10:37:39,024 [WARN] DbFile:35 - Overriding database path with different value: C:\Users\takudo\.stmcufinder\plugins\mcufinder/ => C:\Users\takudo\.stmcufinder\plugins\mcufinder
2023-11-05 10:37:39,024 [INFO] DbMcusAds:119 - Set database path to: C:\Users\takudo\.stmcufinder\plugins\mcufinder//mcu/
2023-11-05 10:37:39,024 [WARN] DbFile:35 - Overriding database path with different value: C:\Users\takudo\.stmcufinder\plugins\mcufinder/ => C:\Users\takudo\.stmcufinder\plugins\mcufinder
2023-11-05 10:37:39,024 [INFO] DbMcusDocs:110 - Set database path to: C:\Users\takudo\.stmcufinder\plugins\mcufinder//mcu/
2023-11-05 10:37:39,024 [WARN] DbFile:35 - Overriding database path with different value: C:\Users\takudo\.stmcufinder\plugins\mcufinder/ => C:\Users\takudo\.stmcufinder\plugins\mcufinder
2023-11-05 10:37:39,026 [INFO] DbMcusJson:64 - Set database path to: C:\Users\takudo\.stmcufinder\plugins\mcufinder//mcu/
2023-11-05 10:37:39,026 [WARN] DbFile:35 - Overriding database path with different value: C:\Users\takudo\.stmcufinder\plugins\mcufinder/ => C:\Users\takudo\.stmcufinder\plugins\mcufinder
2023-11-05 10:37:39,026 [INFO] DbBoardsDocs:110 - Set database path to: C:\Users\takudo\.stmcufinder\plugins\mcufinder//mcu/
2023-11-05 10:37:39,026 [WARN] DbFile:35 - Overriding database path with different value: C:\Users\takudo\.stmcufinder\plugins\mcufinder/ => C:\Users\takudo\.stmcufinder\plugins\mcufinder
2023-11-05 10:37:39,026 [INFO] DbBoardsJson:57 - Set database path to: C:\Users\takudo\.stmcufinder\plugins\mcufinder//mcu/
2023-11-05 10:37:39,026 [WARN] DbFile:35 - Overriding database path with different value: C:\Users\takudo\.stmcufinder\plugins\mcufinder/ => C:\Users\takudo\.stmcufinder\plugins\mcufinder
2023-11-05 10:37:39,026 [WARN] DbFile:35 - Overriding database path with different value: C:\Users\takudo\.stmcufinder\plugins\mcufinder/ => C:\Users\takudo\.stmcufinder\plugins\mcufinder
2023-11-05 10:37:39,749 [INFO] CrossReferenceDbSqlite:196 - Set database path to: C:\Users\takudo\.stmcufinder\plugins\mcufinder//mcu/cs/
2023-11-05 10:37:39,749 [WARN] DbFile:35 - Overriding database path with different value: C:\Users\takudo\.stmcufinder\plugins\mcufinder/ => C:\Users\takudo\.stmcufinder\plugins\mcufinder
2023-11-05 10:37:39,751 [INFO] DbExamplesSqlite:767 - Set database path to: C:\Users\takudo\.stmcufinder\plugins\mcufinder//mcu/
2023-11-05 10:37:39,803 [INFO] ApplicationProperties:181 - Using Application install path: C:\ST\STM32CubeIDE_1.7.0\STM32CubeIDE\plugins\com.st.stm32cube.common.mx_6.3.0.202107141111
2023-11-05 10:37:39,806 [INFO] PluginManage:188 - Search for loadable plugins [exclusion list=, ]
2023-11-05 10:37:39,808 [INFO] PluginManage:302 - Check plugin analytics
2023-11-05 10:37:40,867 [INFO] AnalyticsPlugin:257 - Accepted Software Licenses: 
2023-11-05 10:37:40,869 [INFO] AnalyticsPlugin:259 - Accepted CMSIS Pack Licenses: 
2023-11-05 10:37:40,870 [INFO] AnalyticsPlugin:261 - Accepted Firmware Licenses: 
2023-11-05 10:37:40,872 [INFO] PluginManage:352 - Loaded plugin analytics (category:tool,tabindex:-1)
2023-11-05 10:37:40,872 [INFO] PluginManage:302 - Check plugin clock
2023-11-05 10:37:40,900 [INFO] PluginManage:352 - Loaded plugin clock (category:base,tabindex:2)
2023-11-05 10:37:40,900 [INFO] PluginManage:302 - Check plugin ddr
2023-11-05 10:37:40,903 [INFO] PluginManage:352 - Loaded plugin ddr (category:tool,tabindex:6)
2023-11-05 10:37:40,903 [INFO] PluginManage:302 - Check plugin filemanager
2023-11-05 10:37:41,074 [INFO] PluginManage:352 - Loaded plugin filemanager (category:base,tabindex:10)
2023-11-05 10:37:41,074 [INFO] PluginManage:302 - Check plugin ipmanager
2023-11-05 10:37:41,089 [INFO] PluginManage:352 - Loaded plugin ipmanager (category:base,tabindex:5)
2023-11-05 10:37:41,089 [INFO] PluginManage:302 - Check plugin pinoutandconfiguration
2023-11-05 10:37:41,118 [INFO] PluginManage:352 - Loaded plugin pinoutandconfiguration (category:base,tabindex:1)
2023-11-05 10:37:41,120 [INFO] PluginManage:302 - Check plugin pinoutconfig
2023-11-05 10:37:41,183 [INFO] PluginManage:352 - Loaded plugin pinoutconfig (category:base,tabindex:0)
2023-11-05 10:37:41,183 [INFO] PluginManage:302 - Check plugin power
2023-11-05 10:37:41,218 [INFO] PluginManage:352 - Loaded plugin power (category:power,tabindex:4)
2023-11-05 10:37:41,220 [INFO] PluginManage:302 - Check plugin projectmanager
2023-11-05 10:37:41,302 [INFO] PluginManage:352 - Loaded plugin projectmanager (category:projectmanager,tabindex:3)
2023-11-05 10:37:41,304 [INFO] PluginManage:302 - Check plugin thirdparty
2023-11-05 10:37:41,728 [WARN] IntegrityCheckThread:78 - waiting for thirdparty lock release [integrity check]
2023-11-05 10:37:41,730 [INFO] PluginManage:352 - Loaded plugin thirdparty (category:base,tabindex:-1)
2023-11-05 10:37:41,733 [INFO] IntegrityCheckThread:80 - entering critical section [integrity check]
2023-11-05 10:37:41,734 [INFO] PluginManage:302 - Check plugin tools
2023-11-05 10:37:41,734 [INFO] ThirdPartyUpdaterWithRetryManager:66 - Updater plugin not ready yet. [1/15]
2023-11-05 10:37:41,785 [INFO] PluginManage:352 - Loaded plugin tools (category:base,tabindex:7)
2023-11-05 10:37:41,786 [INFO] PluginManage:302 - Check plugin tutovideos
2023-11-05 10:37:42,154 [INFO] PluginManage:352 - Loaded plugin tutovideos (category:base,tabindex:-1)
2023-11-05 10:37:42,154 [INFO] PluginManage:302 - Check plugin updater
2023-11-05 10:37:42,175 [INFO] PluginManage:352 - Loaded plugin updater (category:base,tabindex:12)
2023-11-05 10:37:42,175 [INFO] PluginManage:275 - PluginManage : Loaded plugins [13]
2023-11-05 10:37:42,547 [INFO] PinOutPanel:1463 - setPackage(No Configuration,No Configuration)
2023-11-05 10:37:42,945 [INFO] IPUIPlugin:74 - create IPUIPlugin
2023-11-05 10:37:42,945 [INFO] PluginManager:213 - loadIPPluginJar : add adc
2023-11-05 10:37:42,985 [INFO] IPUIPlugin:74 - create IPUIPlugin
2023-11-05 10:37:42,985 [INFO] PluginManager:213 - loadIPPluginJar : add aes
2023-11-05 10:37:43,040 [INFO] IPUIPlugin:74 - create IPUIPlugin
2023-11-05 10:37:43,040 [INFO] PluginManager:213 - loadIPPluginJar : add can
2023-11-05 10:37:43,069 [INFO] IPUIPlugin:74 - create IPUIPlugin
2023-11-05 10:37:43,069 [INFO] PluginManager:213 - loadIPPluginJar : add comp
2023-11-05 10:37:43,104 [INFO] IPUIPlugin:74 - create IPUIPlugin
2023-11-05 10:37:43,108 [INFO] PluginManager:213 - loadIPPluginJar : add cryp
2023-11-05 10:37:43,146 [INFO] IPUIPlugin:74 - create IPUIPlugin
2023-11-05 10:37:43,148 [INFO] PluginManager:213 - loadIPPluginJar : add dfsdm
2023-11-05 10:37:43,168 [INFO] IPUIPlugin:74 - create IPUIPlugin
2023-11-05 10:37:43,170 [INFO] PluginManager:213 - loadIPPluginJar : add dma
2023-11-05 10:37:43,211 [INFO] IPUIPlugin:74 - create IPUIPlugin
2023-11-05 10:37:43,211 [INFO] PluginManager:213 - loadIPPluginJar : add dma3
2023-11-05 10:37:43,239 [INFO] IPUIPlugin:74 - create IPUIPlugin
2023-11-05 10:37:43,240 [INFO] PluginManager:213 - loadIPPluginJar : add fatfs
2023-11-05 10:37:43,286 [INFO] IPUIPlugin:74 - create IPUIPlugin
2023-11-05 10:37:43,288 [INFO] PluginManager:213 - loadIPPluginJar : add fmc
2023-11-05 10:37:43,303 [INFO] IPUIPlugin:74 - create IPUIPlugin
2023-11-05 10:37:43,306 [INFO] PluginManager:213 - loadIPPluginJar : add freertos
2023-11-05 10:37:43,330 [INFO] IPUIPlugin:74 - create IPUIPlugin
2023-11-05 10:37:43,331 [INFO] PluginManager:213 - loadIPPluginJar : add genericplugin
2023-11-05 10:37:43,401 [INFO] IPUIPlugin:74 - create IPUIPlugin
2023-11-05 10:37:43,405 [INFO] PluginManager:213 - loadIPPluginJar : add gfxmmu
2023-11-05 10:37:43,508 [INFO] IPUIPlugin:74 - create IPUIPlugin
2023-11-05 10:37:43,508 [INFO] PluginManager:213 - loadIPPluginJar : add gic
2023-11-05 10:37:43,522 [INFO] IPUIPlugin:74 - create IPUIPlugin
2023-11-05 10:37:43,522 [INFO] PluginManager:213 - loadIPPluginJar : add gpio
2023-11-05 10:37:43,585 [INFO] IPUIPlugin:74 - create IPUIPlugin
2023-11-05 10:37:43,585 [INFO] PluginManager:213 - loadIPPluginJar : add gtzc
2023-11-05 10:37:43,615 [INFO] IPUIPlugin:74 - create IPUIPlugin
2023-11-05 10:37:43,615 [INFO] PluginManager:213 - loadIPPluginJar : add hash
2023-11-05 10:37:43,663 [INFO] IPUIPlugin:74 - create IPUIPlugin
2023-11-05 10:37:43,663 [INFO] PluginManager:213 - loadIPPluginJar : add i2c
2023-11-05 10:37:43,702 [INFO] IPUIPlugin:74 - create IPUIPlugin
2023-11-05 10:37:43,702 [INFO] PluginManager:213 - loadIPPluginJar : add i2s
2023-11-05 10:37:43,715 [INFO] IPUIPlugin:74 - create IPUIPlugin
2023-11-05 10:37:43,715 [INFO] PluginManager:213 - loadIPPluginJar : add ipddr
2023-11-05 10:37:43,790 [INFO] IPUIPlugin:74 - create IPUIPlugin
2023-11-05 10:37:43,790 [INFO] PluginManager:213 - loadIPPluginJar : add linkedlist
2023-11-05 10:37:43,835 [INFO] IPUIPlugin:74 - create IPUIPlugin
2023-11-05 10:37:43,835 [INFO] PluginManager:213 - loadIPPluginJar : add lorawan
2023-11-05 10:37:43,875 [INFO] IPUIPlugin:74 - create IPUIPlugin
2023-11-05 10:37:43,875 [INFO] PluginManager:213 - loadIPPluginJar : add ltdc
2023-11-05 10:37:43,889 [INFO] IPUIPlugin:74 - create IPUIPlugin
2023-11-05 10:37:43,889 [INFO] PluginManager:213 - loadIPPluginJar : add mdma
2023-11-05 10:37:43,905 [INFO] IPUIPlugin:74 - create IPUIPlugin
2023-11-05 10:37:43,905 [INFO] PluginManager:213 - loadIPPluginJar : add nvic
2023-11-05 10:37:43,939 [INFO] IPUIPlugin:74 - create IPUIPlugin
2023-11-05 10:37:43,939 [INFO] PluginManager:213 - loadIPPluginJar : add opamp
2023-11-05 10:37:43,997 [INFO] IPUIPlugin:74 - create IPUIPlugin
2023-11-05 10:37:43,997 [INFO] PluginManager:213 - loadIPPluginJar : add openamp
2023-11-05 10:37:44,039 [INFO] IPUIPlugin:74 - create IPUIPlugin
2023-11-05 10:37:44,039 [INFO] PluginManager:213 - loadIPPluginJar : add pdm2pcm
2023-11-05 10:37:44,056 [INFO] IPUIPlugin:74 - create IPUIPlugin
2023-11-05 10:37:44,063 [INFO] PluginManager:213 - loadIPPluginJar : add plateformsettings
2023-11-05 10:37:44,087 [INFO] IPUIPlugin:74 - create IPUIPlugin
2023-11-05 10:37:44,087 [INFO] PluginManager:213 - loadIPPluginJar : add quadspi
2023-11-05 10:37:44,101 [INFO] IPUIPlugin:74 - create IPUIPlugin
2023-11-05 10:37:44,101 [INFO] PluginManager:213 - loadIPPluginJar : add resmgrutility
2023-11-05 10:37:44,151 [INFO] IPUIPlugin:74 - create IPUIPlugin
2023-11-05 10:37:44,151 [INFO] PluginManager:213 - loadIPPluginJar : add sai
2023-11-05 10:37:44,189 [INFO] IPUIPlugin:74 - create IPUIPlugin
2023-11-05 10:37:44,191 [INFO] PluginManager:213 - loadIPPluginJar : add spi
2023-11-05 10:37:44,239 [INFO] IPUIPlugin:74 - create IPUIPlugin
2023-11-05 10:37:44,241 [INFO] PluginManager:213 - loadIPPluginJar : add stm32_wpan
2023-11-05 10:37:44,267 [INFO] IPUIPlugin:74 - create IPUIPlugin
2023-11-05 10:37:44,268 [INFO] PluginManager:213 - loadIPPluginJar : add tim
2023-11-05 10:37:44,322 [INFO] IPUIPlugin:74 - create IPUIPlugin
2023-11-05 10:37:44,324 [INFO] PluginManager:213 - loadIPPluginJar : add touchsensing
2023-11-05 10:37:44,350 [INFO] IPUIPlugin:74 - create IPUIPlugin
2023-11-05 10:37:44,350 [INFO] PluginManager:213 - loadIPPluginJar : add tracer_emb
2023-11-05 10:37:44,376 [INFO] IPUIPlugin:74 - create IPUIPlugin
2023-11-05 10:37:44,378 [INFO] PluginManager:213 - loadIPPluginJar : add ts
2023-11-05 10:37:44,402 [INFO] IPUIPlugin:74 - create IPUIPlugin
2023-11-05 10:37:44,402 [INFO] PluginManager:213 - loadIPPluginJar : add tsc
2023-11-05 10:37:44,428 [INFO] IPUIPlugin:74 - create IPUIPlugin
2023-11-05 10:37:44,428 [INFO] PluginManager:213 - loadIPPluginJar : add ucpd
2023-11-05 10:37:44,475 [INFO] IPUIPlugin:74 - create IPUIPlugin
2023-11-05 10:37:44,475 [INFO] PluginManager:213 - loadIPPluginJar : add usart
2023-11-05 10:37:44,513 [INFO] IPUIPlugin:74 - create IPUIPlugin
2023-11-05 10:37:44,513 [INFO] PluginManager:213 - loadIPPluginJar : add usbx
2023-11-05 10:37:44,735 [INFO] ThirdPartyUpdaterWithRetryManager:66 - Updater plugin not ready yet. [2/15]
2023-11-05 10:37:45,104 [FATAL] Updater:294 - Updater called before beeing initialized
2023-11-05 10:37:45,301 [FATAL] Updater:294 - Updater called before beeing initialized
2023-11-05 10:37:45,314 [INFO] DbMcusAds:47 - JSON generation date=Tue Mar 07 15:50:55 ICT 2023 (1678179055114)
2023-11-05 10:37:45,314 [FATAL] Updater:294 - Updater called before beeing initialized
2023-11-05 10:37:45,407 [WARN] DetailPanel:314 - Failed to get advertising image, set to default
2023-11-05 10:37:45,611 [FATAL] Updater:294 - Updater called before beeing initialized
2023-11-05 10:37:45,617 [FATAL] Updater:294 - Updater called before beeing initialized
2023-11-05 10:37:45,617 [FATAL] Updater:294 - Updater called before beeing initialized
2023-11-05 10:37:45,617 [WARN] DetailPanel:314 - Failed to get advertising image, set to default
2023-11-05 10:37:45,621 [FATAL] Updater:294 - Updater called before beeing initialized
2023-11-05 10:37:45,719 [ERROR] Updater:1075 - MainUpdater not yet initialized. External WinMGr cannot be set.
2023-11-05 10:37:45,732 [INFO] Updater:1012 - Updater Version found : 6.3.0
2023-11-05 10:37:45,760 [INFO] ApplicationProperties:181 - Using Application install path: C:\ST\STM32CubeIDE_1.7.0\STM32CubeIDE\plugins\com.st.stm32cube.common.mx_6.3.0.202107141111
2023-11-05 10:37:46,443 [INFO] MainUpdater:2671 - connection check result : 10
2023-11-05 10:37:46,447 [INFO] MainUpdater:3359 - Updater definition file requires update
2023-11-05 10:37:46,450 [INFO] MainUpdater:265 - Updater Check For Update Now.
2023-11-05 10:37:46,450 [INFO] MicroXplorer:478 - Change Database Version : DB.6.0.30
2023-11-05 10:37:46,632 [INFO] ServerAccessManage:362 - Download File updaters.zip
2023-11-05 10:37:46,759 [INFO] FileExtend:235 - Unzip File : updaters.zip
2023-11-05 10:37:46,759 [INFO] FileExtend:250 - Standard Zip Deflate
2023-11-05 10:37:47,590 [INFO] ServerAccessManage:362 - Download File PacksControlFlags.xml
2023-11-05 10:37:47,740 [WARN] MainUpdater:1122 - Updater busy. Cannot search thirdparties
2023-11-05 10:37:47,743 [INFO] ThirdPartyUpdaterWithRetryManager:92 - Updater plugin is busy. [1/15]
2023-11-05 10:37:47,846 [INFO] ServerAccessManage:362 - Download File cubemx.pidx
2023-11-05 10:37:49,112 [INFO] ServerAccessManage:362 - Download File STMicroelectronics.X-CUBE-BLEMGR.pdsc
2023-11-05 10:37:50,515 [INFO] ServerAccessManage:362 - Download File STMicroelectronics.X-CUBE-EEPRMA1.pdsc
2023-11-05 10:37:50,751 [WARN] MainUpdater:1122 - Updater busy. Cannot search thirdparties
2023-11-05 10:37:50,751 [INFO] ThirdPartyUpdaterWithRetryManager:92 - Updater plugin is busy. [2/15]
2023-11-05 10:37:51,822 [ERROR] ServerAccessManage:974 - Problem, file not found on Server
2023-11-05 10:37:53,760 [WARN] MainUpdater:1122 - Updater busy. Cannot search thirdparties
2023-11-05 10:37:53,760 [INFO] ThirdPartyUpdaterWithRetryManager:92 - Updater plugin is busy. [3/15]
2023-11-05 10:37:54,756 [ERROR] ServerAccessManage:981 - Problem, Http access forbiden
2023-11-05 10:37:54,762 [ERROR] ServerAccessManage:531 - Problem, Http access forbiden : RoweBots.I-CUBE-UNISONRTOS.pdsc.
2023-11-05 10:37:55,280 [WARN] PopulateThirdPartyThread:100 - Error when creating pack: C:/Users/takudo/.stm32cubemx/thirdparties/pdsc/STMicroelectronics.X-CUBE-BLEMGR.pdsc
2023-11-05 10:37:55,401 [WARN] PackLoader:238 - Cannot read IP mode file for STMicroelectronics.X-CUBE-EEPRMA1.4.2.0
2023-11-05 10:37:55,421 [INFO] PopulateThirdPartyThread:60 - Ending populate Thread
2023-11-05 10:37:55,429 [INFO] ThirdParty:967 - CMSIS Pack Vendor :STMicroelectronics X-CUBE-EEPRMA1 4.2.0
2023-11-05 10:37:55,429 [INFO] LoadServerUpdatesThread:339 - End of LoadServerUpdate Thread
2023-11-05 10:37:55,543 [INFO] CheckServerUpdateThread:112 - End of CheckServer Thread
2023-11-05 10:37:55,546 [INFO] MainUpdater:2671 - connection check result : 10
2023-11-05 10:37:55,572 [INFO] McuFinderGlobals:52 - Set McuFinderConnectedMode to true
2023-11-05 10:37:56,178 [INFO] ServerAccessManage:362 - Download File mcusAds.json._tmp_
2023-11-05 10:37:56,338 [INFO] LoadUrlFilesThread:145 - End of LoadUrlFiles Thread
2023-11-05 10:37:56,762 [WARN] MainUpdater:1122 - Updater busy. Cannot search thirdparties
2023-11-05 10:37:56,763 [INFO] ThirdPartyUpdaterWithRetryManager:92 - Updater plugin is busy. [4/15]
2023-11-05 10:37:57,256 [INFO] ServerAccessManage:362 - Download File mcusDocs.json._tmp_
2023-11-05 10:37:58,178 [INFO] LoadUrlFilesThread:145 - End of LoadUrlFiles Thread
2023-11-05 10:37:58,977 [INFO] ServerAccessManage:362 - Download File mcusFeaturesAndDescription.json._tmp_
2023-11-05 10:37:59,771 [WARN] MainUpdater:1122 - Updater busy. Cannot search thirdparties
2023-11-05 10:37:59,852 [INFO] ThirdPartyUpdaterWithRetryManager:92 - Updater plugin is busy. [5/15]
2023-11-05 10:38:00,765 [INFO] LoadUrlFilesThread:145 - End of LoadUrlFiles Thread
2023-11-05 10:38:01,847 [INFO] ServerAccessManage:362 - Download File boardsDocs.json._tmp_
2023-11-05 10:38:02,011 [INFO] LoadUrlFilesThread:145 - End of LoadUrlFiles Thread
2023-11-05 10:38:02,257 [INFO] ServerAccessManage:362 - Download File boards.json._tmp_
2023-11-05 10:38:02,571 [INFO] LoadUrlFilesThread:145 - End of LoadUrlFiles Thread
2023-11-05 10:38:02,751 [INFO] ServerAccessManage:362 - Download File cube-finder-db.zip
2023-11-05 10:38:02,863 [WARN] MainUpdater:1122 - Updater busy. Cannot search thirdparties
2023-11-05 10:38:02,875 [INFO] ThirdPartyUpdaterWithRetryManager:92 - Updater plugin is busy. [6/15]
2023-11-05 10:38:05,882 [WARN] MainUpdater:1122 - Updater busy. Cannot search thirdparties
2023-11-05 10:38:05,882 [INFO] ThirdPartyUpdaterWithRetryManager:92 - Updater plugin is busy. [7/15]
2023-11-05 10:38:07,347 [INFO] FileExtend:235 - Unzip File : cube-finder-db.zip
2023-11-05 10:38:07,349 [INFO] FileExtend:250 - Standard Zip Deflate
2023-11-05 10:38:08,477 [INFO] LoadUrlFilesThread:145 - End of LoadUrlFiles Thread
2023-11-05 10:38:09,142 [ERROR] Engine:463 - C:\Users\takudo\.stm32cubemx\thirdparties\pdsc\STMicroelectronics.X-CUBE-SMBUS.2.1.0.pdsc: PDSC version is not supported
2023-11-05 10:38:09,282 [WARN] PackLoader:238 - Cannot read IP mode file for STMicroelectronics.X-CUBE-AZRTOS-F7.1.1.0
2023-11-05 10:38:09,330 [ERROR] Engine:463 - C:\Users\takudo\.stm32cubemx\thirdparties\pdsc\STMicroelectronics.FP-SNS-MOTENV1.4.3.2.pdsc: PDSC version is not supported
2023-11-05 10:38:09,337 [ERROR] Engine:463 - C:\Users\takudo\.stm32cubemx\thirdparties\pdsc\STMicroelectronics.FP-SNS-FLIGHT1.5.0.2.pdsc: PDSC version is not supported
2023-11-05 10:38:09,360 [ERROR] Engine:463 - C:\Users\takudo\.stm32cubemx\thirdparties\pdsc\STMicroelectronics.X-CUBE-DISPLAY.3.0.0.pdsc: PDSC version is not supported
2023-11-05 10:38:09,381 [WARN] PackLoader:238 - Cannot read IP mode file for STMicroelectronics.X-CUBE-BLE1.7.0.0
2023-11-05 10:38:09,399 [ERROR] Engine:463 - C:\Users\takudo\.stm32cubemx\thirdparties\pdsc\emotas.I-CUBE-CANOPEN.1.3.0.pdsc: PDSC version is not supported
2023-11-05 10:38:09,415 [WARN] PackLoader:238 - Cannot read IP mode file for STMicroelectronics.X-CUBE-TOUCHGFX.4.22.0
2023-11-05 10:38:09,426 [WARN] PackLoader:238 - Cannot read IP mode file for STMicroelectronics.X-CUBE-TOUCHGFX.4.22.1
2023-11-05 10:38:09,436 [ERROR] Engine:463 - C:\Users\takudo\.stm32cubemx\thirdparties\pdsc\STMicroelectronics.FP-SNS-SMARTAG2.1.2.0.pdsc: PDSC version is not supported
2023-11-05 10:38:09,468 [INFO] LogOutputStream:76 - [STDOUT_REDIRECT] 1 : Invalid condition id : UX_CORESTACK_Condition cause : null
2023-11-05 10:38:09,472 [INFO] LogOutputStream:76 - [STDOUT_REDIRECT] 1 : Invalid condition id : UX_CORESTACK_Condition cause : null
2023-11-05 10:38:09,474 [INFO] LogOutputStream:76 - [STDOUT_REDIRECT] 1 : Invalid condition id : UX_CORESTACK_Condition cause : null
2023-11-05 10:38:09,476 [INFO] LogOutputStream:76 - [STDOUT_REDIRECT] 1 : Invalid condition id : UX_CORESTACK_Condition cause : null
2023-11-05 10:38:09,478 [INFO] LogOutputStream:76 - [STDOUT_REDIRECT] 1 : Invalid condition id : UX_CORESTACK_Condition cause : null
2023-11-05 10:38:09,488 [WARN] PackLoader:238 - Cannot read IP mode file for STMicroelectronics.X-CUBE-AZRTOS-WL.2.0.0
2023-11-05 10:38:09,512 [WARN] PackLoader:238 - Cannot read IP mode file for WES.I-CUBE-Cesium.1.3.0
2023-11-05 10:38:09,531 [WARN] PackLoader:238 - Cannot read IP mode file for STMicroelectronics.X-CUBE-BLE2.3.3.0
2023-11-05 10:38:09,552 [WARN] PackLoader:238 - Cannot read IP mode file for STMicroelectronics.X-CUBE-ALGOBUILD.1.3.0
2023-11-05 10:38:09,623 [WARN] PackLoader:238 - Cannot read IP mode file for STMicroelectronics.X-CUBE-AZRTOS-G0.1.1.0
2023-11-05 10:38:09,659 [WARN] PackLoader:238 - Cannot read IP mode file for STMicroelectronics.X-CUBE-NFC4.3.0.0
2023-11-05 10:38:09,678 [ERROR] Engine:463 - C:\Users\takudo\.stm32cubemx\thirdparties\pdsc\STMicroelectronics.X-CUBE-BLEMGR.3.0.0.pdsc: PDSC version is not supported
2023-11-05 10:38:09,684 [WARN] PackLoader:238 - Cannot read IP mode file for STMicroelectronics.FP-ATR-SIGFOX1.3.2.0
2023-11-05 10:38:09,814 [WARN] PackLoader:238 - Cannot read IP mode file for SEGGER.I-CUBE-embOS.1.3.1
2023-11-05 10:38:10,018 [WARN] PackLoader:238 - Cannot read IP mode file for STMicroelectronics.X-CUBE-GNSS1.6.0.0
2023-11-05 10:38:10,089 [WARN] PackLoader:238 - Cannot read IP mode file for STMicroelectronics.X-CUBE-AZRTOS-F4.1.1.0
2023-11-05 10:38:10,109 [WARN] PackLoader:238 - Cannot read IP mode file for wolfSSL.I-CUBE-wolfSSL.5.6.3
2023-11-05 10:38:10,160 [WARN] PackLoader:238 - Cannot read IP mode file for STMicroelectronics.X-CUBE-AZRTOS-L5.2.0.0
2023-11-05 10:38:10,333 [WARN] PackLoader:238 - Cannot read IP mode file for STMicroelectronics.X-CUBE-MEMS1.9.6.0
2023-11-05 10:38:10,720 [WARN] PackLoader:238 - Cannot read IP mode file for STMicroelectronics.X-CUBE-EEPRMA1.4.2.0
2023-11-05 10:38:10,733 [ERROR] Engine:463 - C:\Users\takudo\.stm32cubemx\thirdparties\pdsc\ITTIA_DB.I-CUBE-ITTIADB.8.8.0.pdsc: PDSC version is not supported
2023-11-05 10:38:10,754 [WARN] PackLoader:238 - Cannot read IP mode file for STMicroelectronics.X-CUBE-BLEMGR.2.0.0
2023-11-05 10:38:10,815 [WARN] ConditionMgr:437 - getConditionDescription Invalid condition id : UX DEVICE CLASS RTOS Condition cause : null
2023-11-05 10:38:10,818 [WARN] ConditionMgr:437 - getConditionDescription Invalid condition id : UX DEVICE CLASS RTOS Condition cause : null
2023-11-05 10:38:10,827 [WARN] PackLoader:238 - Cannot read IP mode file for STMicroelectronics.X-CUBE-AZRTOS-H7.3.1.0
2023-11-05 10:38:10,831 [WARN] ConditionMgr:1038 - genDependencies : Invalid condition id : UX DEVICE CLASS RTOS Condition cause : null
2023-11-05 10:38:10,832 [WARN] ConditionMgr:1038 - genDependencies : Invalid condition id : UX DEVICE CLASS RTOS Condition cause : null
2023-11-05 10:38:10,834 [WARN] ConditionMgr:1038 - genDependencies : Invalid condition id : UX DEVICE CLASS RTOS Condition cause : null
2023-11-05 10:38:10,834 [WARN] ConditionMgr:1038 - genDependencies : Invalid condition id : UX DEVICE CLASS RTOS Condition cause : null
2023-11-05 10:38:10,836 [WARN] ConditionMgr:1038 - genDependencies : Invalid condition id : UX DEVICE CLASS RTOS Condition cause : null
2023-11-05 10:38:10,857 [WARN] PackLoader:238 - Cannot read IP mode file for STMicroelectronics.X-CUBE-NFC7.1.0.1
2023-11-05 10:38:10,881 [WARN] PackLoader:238 - Cannot read IP mode file for STMicroelectronics.X-CUBE-NFC6.3.0.0
2023-11-05 10:38:10,904 [WARN] PackLoader:238 - Cannot read IP mode file for STMicroelectronics.X-CUBE-EEPRMA1.4.1.0
2023-11-05 10:38:10,925 [WARN] PackLoader:238 - Cannot read IP mode file for STMicroelectronics.X-CUBE-AI.8.1.0
2023-11-05 10:38:10,985 [WARN] ConditionMgr:437 - getConditionDescription Invalid condition id : LAN8742 Phy interface Condition cause : null
2023-11-05 10:38:10,989 [WARN] PackLoader:238 - Cannot read IP mode file for STMicroelectronics.X-CUBE-AZRTOS-L4.2.0.0
2023-11-05 10:38:10,997 [WARN] ConditionMgr:1038 - genDependencies : Invalid condition id : LAN8742 Phy interface Condition cause : null
2023-11-05 10:38:10,997 [WARN] ConditionMgr:1038 - genDependencies : Invalid condition id : LAN8742 Phy interface Condition cause : null
2023-11-05 10:38:10,999 [WARN] ConditionMgr:1038 - genDependencies : Invalid condition id : LAN8742 Phy interface Condition cause : null
2023-11-05 10:38:11,021 [WARN] PackLoader:238 - Cannot read IP mode file for STMicroelectronics.X-CUBE-SFXS2LP1.4.0.0
2023-11-05 10:38:11,037 [WARN] PackLoader:238 - Cannot read IP mode file for STMicroelectronics.X-CUBE-ISPU.1.1.0
2023-11-05 10:38:11,077 [WARN] ConditionMgr:437 - getConditionDescription Invalid condition id : UX DEVICE CLASS RTOS Condition cause : null
2023-11-05 10:38:11,079 [WARN] ConditionMgr:437 - getConditionDescription Invalid condition id : UX DEVICE CLASS RTOS Condition cause : null
2023-11-05 10:38:11,084 [WARN] PackLoader:238 - Cannot read IP mode file for STMicroelectronics.X-CUBE-AZRTOS-WB.2.0.0
2023-11-05 10:38:11,085 [WARN] ConditionMgr:1038 - genDependencies : Invalid condition id : UX DEVICE CLASS RTOS Condition cause : null
2023-11-05 10:38:11,085 [WARN] ConditionMgr:1038 - genDependencies : Invalid condition id : UX DEVICE CLASS RTOS Condition cause : null
2023-11-05 10:38:11,087 [WARN] ConditionMgr:1038 - genDependencies : Invalid condition id : UX DEVICE CLASS RTOS Condition cause : null
2023-11-05 10:38:11,089 [WARN] ConditionMgr:1038 - genDependencies : Invalid condition id : UX DEVICE CLASS RTOS Condition cause : null
2023-11-05 10:38:11,089 [WARN] ConditionMgr:1038 - genDependencies : Invalid condition id : UX DEVICE CLASS RTOS Condition cause : null
2023-11-05 10:38:11,123 [WARN] PackLoader:238 - Cannot read IP mode file for STMicroelectronics.X-CUBE-SUBG2.5.0.0
2023-11-05 10:38:11,231 [ERROR] Engine:463 - C:\Users\takudo\.stm32cubemx\thirdparties\pdsc\STMicroelectronics.X-CUBE-TOF1.3.3.1.pdsc: PDSC version is not supported
2023-11-05 10:38:11,281 [WARN] PackLoader:238 - Cannot read IP mode file for STMicroelectronics.X-CUBE-AZRTOS-G4.2.0.0
2023-11-05 10:38:11,317 [ERROR] Engine:463 - C:\Users\takudo\.stm32cubemx\thirdparties\pdsc\Infineon.AIROC-Wi-Fi-Bluetooth-STM32.1.5.1.pdsc: PDSC version is not supported
2023-11-05 10:38:11,423 [WARN] PackLoader:238 - Cannot read IP mode file for STMicroelectronics.X-CUBE-MEMS1.10.0.0
2023-11-05 10:38:11,586 [INFO] ServerAccessManage:362 - Download File crdb.zip
2023-11-05 10:38:11,732 [ERROR] Engine:463 - C:\Users\takudo\.stm32cubemx\thirdparties\pdsc\STMicroelectronics.X-CUBE-FREERTOS.1.1.0.pdsc: PDSC version is not supported
2023-11-05 10:38:11,745 [WARN] PackLoader:238 - Cannot read IP mode file for portGmbH.I-Cube-SoM-uGOAL.1.1.0
2023-11-05 10:38:11,755 [WARN] PackLoader:238 - Cannot read IP mode file for STMicroelectronics.X-CUBE-ALS.1.0.1
2023-11-05 10:38:11,761 [WARN] PackLoader:238 - Cannot read IP mode file for STMicroelectronics.FP-ATR-ASTRA1.2.0.0
2023-11-05 10:38:11,763 [INFO] ThirdParty:915 - Integrity check success = true
2023-11-05 10:38:11,765 [INFO] IntegrityCheckThread:94 - exiting critical section [integrity check]
2023-11-05 10:38:11,765 [INFO] IntegrityCheckThread:97 - End integrity checks thread
2023-11-05 10:38:13,201 [INFO] FileExtend:235 - Unzip File : crdb.zip
2023-11-05 10:38:13,203 [INFO] FileExtend:250 - Standard Zip Deflate
2023-11-05 10:38:13,351 [INFO] LoadUrlFilesThread:145 - End of LoadUrlFiles Thread
2023-11-05 10:38:13,557 [INFO] ServerAccessManage:362 - Download File tutoVideoDB.zip
2023-11-05 10:38:13,599 [INFO] FileExtend:235 - Unzip File : tutoVideoDB.zip
2023-11-05 10:38:13,599 [INFO] FileExtend:250 - Standard Zip Deflate
2023-11-05 10:38:13,720 [INFO] LoadUrlFilesThread:145 - End of LoadUrlFiles Thread
2023-11-05 10:38:13,755 [INFO] DbMcusAds:47 - JSON generation date=Tue Mar 07 15:50:55 ICT 2023 (1678179055335)
2023-11-05 10:38:13,827 [INFO] DbMcusDocs:143 - JSON generation date=Tue Nov 16 23:17:54 ICT 2021 (1637079474)
2023-11-05 10:38:13,829 [INFO] DbMcusXml:100 - Load MCU database from C:\ST\STM32CubeIDE_1.7.0\STM32CubeIDE\plugins\com.st.stm32cube.common.mx_6.3.0.202107141111\\db\/mcu/families.xml
2023-11-05 10:38:15,168 [INFO] DbMcusJson:93 - JSON generation date=Tue Nov 16 23:17:54 ICT 2021 (1637079474)
2023-11-05 10:38:17,055 [INFO] DbMcus:175 - Found 1951 MCUs (1903 are supported by CubeMX, 1914 are visible in CubeMX)
2023-11-05 10:38:17,057 [INFO] ApiDb:251 - Load user favorites file C:\Users\takudo/.stm32cubeide/favorites.mcus.txt: 0 item(s)
2023-11-05 10:38:17,057 [INFO] ApiDb:255 - User favorites MCUs=[]
2023-11-05 10:38:17,057 [INFO] DbMcus:187 - Set 0 / 0 favorites MCUs
2023-11-05 10:38:17,668 [INFO] DbMcusDocs:79 - Found 682 MCUs documents
2023-11-05 10:38:17,673 [INFO] ApiDb:276 - Save user favorites file C:\Users\takudo/.stm32cubeide/favorites.mcus.txt: 0 item(s)
2023-11-05 10:38:17,673 [INFO] ApiDb:280 - User favorites MCUs=[]
2023-11-05 10:38:17,673 [INFO] DbMcusXml:100 - Load MCU database from C:\ST\STM32CubeIDE_1.7.0\STM32CubeIDE\plugins\com.st.stm32cube.common.mx_6.3.0.202107141111\\db\/mcu/families.xml
2023-11-05 10:38:19,158 [INFO] DbMcusJson:93 - JSON generation date=Tue Nov 16 23:17:54 ICT 2021 (1637079474)
2023-11-05 10:38:20,548 [INFO] DbMcus:175 - Found 1951 MCUs (1903 are supported by CubeMX, 1914 are visible in CubeMX)
2023-11-05 10:38:20,551 [INFO] ApiDb:251 - Load user favorites file C:\Users\takudo/.stm32cubeide/favorites.mcus.txt: 0 item(s)
2023-11-05 10:38:20,553 [INFO] ApiDb:255 - User favorites MCUs=[]
2023-11-05 10:38:20,553 [INFO] DbMcus:187 - Set 0 / 0 favorites MCUs
2023-11-05 10:38:20,583 [INFO] DbBoardsDocs:143 - JSON generation date=Tue Nov 16 23:17:54 ICT 2021 (1637079474)
2023-11-05 10:38:20,640 [INFO] DbBoardsPdsc:90 - Found 25 items
2023-11-05 10:38:20,653 [INFO] DbBoardsPdsc:90 - Found 9 items
2023-11-05 10:38:20,667 [INFO] DbBoardsPdsc:90 - Found 33 items
2023-11-05 10:38:20,679 [INFO] DbBoardsPdsc:90 - Found 1 items
2023-11-05 10:38:20,705 [INFO] DbBoardsPdsc:90 - Found 48 items
2023-11-05 10:38:20,735 [INFO] DbBoardsPdsc:90 - Found 43 items
2023-11-05 10:38:20,743 [INFO] DbBoardsPdsc:90 - Found 2 items
2023-11-05 10:38:20,753 [INFO] DbBoardsPdsc:90 - Found 5 items
2023-11-05 10:38:20,768 [WARN] DbBoardsPdsc:254 - Board STM32H7B3I-DK: unknown feature type=Audio, name=, username=Audio stereo codec with Headphone Amp (CS42L51-CNZ), n=1
2023-11-05 10:38:20,770 [WARN] DbBoardsPdsc:254 - Board STM32H735G-DK: unknown feature type=Audio, name=, username=Audio stereo codec with Headphone Amp (WM8994ECS/R), n=1
2023-11-05 10:38:20,773 [WARN] DbBoardsPdsc:254 - Board STM32H7B3I-EVAL: unknown feature type=Audio, name=, username=Multi-Channel Audio Codec (CS42L51-CNZ), n=1
2023-11-05 10:38:20,775 [WARN] DbBoardsPdsc:254 - Board STM32H7B3I-EVAL: unknown feature type=Meter, name=, username=Power-metering and Temperature-monitoring with sigma-delta modulators, n=1
2023-11-05 10:38:20,775 [WARN] DbBoardsPdsc:254 - Board STM32H7B3I-EVAL: unknown feature type=Motor, name=, username=Motor Control, n=1
2023-11-05 10:38:20,777 [WARN] DbBoardsPdsc:254 - Board STM32U575I-EV: unknown feature type=joystick, name=, username=4-direction joystick with selection button, n=1
2023-11-05 10:38:20,817 [INFO] DbBoardsJson:86 - JSON generation date=Tue Nov 16 23:17:54 ICT 2021 (1637079474)
2023-11-05 10:38:20,840 [INFO] DbBoards:117 - Found 167 boards (163 are supported by CubeMX)
2023-11-05 10:38:20,843 [INFO] DbBoardsDocs:143 - JSON generation date=Tue Nov 16 23:17:54 ICT 2021 (1637079474)
2023-11-05 10:38:20,851 [INFO] DbBoardsDocs:79 - Found 209 boards documents
2023-11-05 10:38:20,851 [WARN] DbBoards:127 - board B-L475E-IOT01A2 has no document id list !
2023-11-05 10:38:20,855 [WARN] DbBoards:127 - board NUCLEO-H743ZI has no document id list !
2023-11-05 10:38:20,856 [WARN] DbBoards:127 - board NUCLEO-WL55JC2 has no document id list !
2023-11-05 10:38:20,856 [WARN] DbBoards:127 - board P-NUCLEO-WB55-Nucleo has no document id list !
2023-11-05 10:38:20,856 [WARN] DbBoards:127 - board P-NUCLEO-WB55-USBDongle has no document id list !
2023-11-05 10:38:20,858 [WARN] DbBoards:127 - board STEVAL-BFA001V1B has no document id list !
2023-11-05 10:38:20,858 [WARN] DbBoards:127 - board STEVAL-BFA001V2B has no document id list !
2023-11-05 10:38:20,858 [WARN] DbBoards:127 - board STEVAL-IDP005V1 has no document id list !
2023-11-05 10:38:20,858 [WARN] DbBoards:127 - board STEVAL-IDP005V2 has no document id list !
2023-11-05 10:38:20,858 [WARN] DbBoards:127 - board STEVAL-MKSBOX1V1 has no document id list !
2023-11-05 10:38:20,858 [WARN] DbBoards:127 - board STEVAL-STWINKT1 has no document id list !
2023-11-05 10:38:20,858 [WARN] DbBoards:127 - board STEVAL-STWINKT1B has no document id list !
2023-11-05 10:38:20,858 [WARN] DbBoards:127 - board STM32439I-EVAL2 has no document id list !
2023-11-05 10:38:20,860 [WARN] DbBoards:127 - board STM32F401C-DISCO has no document id list !
2023-11-05 10:38:20,860 [WARN] DbBoards:127 - board STM32F769I-DISC1 has no document id list !
2023-11-05 10:38:20,860 [WARN] DbBoards:127 - board STM32G474E-EVAL1 has no document id list !
2023-11-05 10:38:20,862 [WARN] DbBoards:127 - board STM32H743I-EVAL2 has no document id list !
2023-11-05 10:38:20,862 [WARN] DbBoards:127 - board STM32H747I-DISC1 has no document id list !
2023-11-05 10:38:20,862 [WARN] DbBoards:127 - board STM32H753I-EVAL2 has no document id list !
2023-11-05 10:38:20,862 [WARN] DbBoards:127 - board STM32L-DISCOVERY has no document id list !
2023-11-05 10:38:21,257 [ERROR] DbBoards:189 - Image file not found for board B-U585I-IOT02A: C:\ST\STM32CubeIDE_1.7.0\STM32CubeIDE\plugins\com.st.stm32cube.common.mx_6.3.0.202107141111\\db\/plugins/mcufinder/images/boards/B-U585I-IOT02A_small.jpg
2023-11-05 10:38:21,573 [ERROR] DbBoards:189 - Image file not found for board NUCLEO-F413ZH: C:\ST\STM32CubeIDE_1.7.0\STM32CubeIDE\plugins\com.st.stm32cube.common.mx_6.3.0.202107141111\\db\/plugins/mcufinder/images/boards/nucleo-f413zh_small.jpg
2023-11-05 10:38:21,997 [ERROR] DbBoards:189 - Image file not found for board NUCLEO-L552ZE-Q: C:\ST\STM32CubeIDE_1.7.0\STM32CubeIDE\plugins\com.st.stm32cube.common.mx_6.3.0.202107141111\\db\/plugins/mcufinder/images/boards/nucleo_l552ze_q_small.jpg
2023-11-05 10:38:21,997 [ERROR] DbBoards:189 - Image file not found for board NUCLEO-U575ZI-Q: C:\ST\STM32CubeIDE_1.7.0\STM32CubeIDE\plugins\com.st.stm32cube.common.mx_6.3.0.202107141111\\db\/plugins/mcufinder/images/boards/nucleo-u575zi-q_small.jpg
2023-11-05 10:38:21,997 [ERROR] DbBoards:189 - Image file not found for board NUCLEO-WB15CC: C:\ST\STM32CubeIDE_1.7.0\STM32CubeIDE\plugins\com.st.stm32cube.common.mx_6.3.0.202107141111\\db\/plugins/mcufinder/images/boards/nucleo-wb15cc_small.jpg
2023-11-05 10:38:21,997 [ERROR] DbBoards:189 - Image file not found for board NUCLEO-WB55RG: C:\ST\STM32CubeIDE_1.7.0\STM32CubeIDE\plugins\com.st.stm32cube.common.mx_6.3.0.202107141111\\db\/plugins/mcufinder/images/boards/nucleo-wb55rg_small.jpg
2023-11-05 10:38:24,509 [INFO] ApiDb:251 - Load user favorites file C:\Users\takudo/.stm32cubeide/favorites.boards.txt: 0 item(s)
2023-11-05 10:38:24,509 [INFO] ApiDb:255 - User favorites Boards=[]
2023-11-05 10:38:24,511 [INFO] DbBoards:206 - Set 0 / 0 favorites Boards
2023-11-05 10:38:24,521 [INFO] DbBoardsDocs:79 - Found 418 boards documents
2023-11-05 10:38:24,523 [INFO] ApiDb:276 - Save user favorites file C:\Users\takudo/.stm32cubeide/favorites.boards.txt: 0 item(s)
2023-11-05 10:38:24,523 [INFO] ApiDb:280 - User favorites Boards=[]
2023-11-05 10:38:24,548 [INFO] DbBoardsPdsc:90 - Found 25 items
2023-11-05 10:38:24,554 [INFO] DbBoardsPdsc:90 - Found 9 items
2023-11-05 10:38:24,562 [INFO] DbBoardsPdsc:90 - Found 33 items
2023-11-05 10:38:24,565 [INFO] DbBoardsPdsc:90 - Found 1 items
2023-11-05 10:38:24,577 [INFO] DbBoardsPdsc:90 - Found 48 items
2023-11-05 10:38:24,588 [INFO] DbBoardsPdsc:90 - Found 43 items
2023-11-05 10:38:24,593 [INFO] DbBoardsPdsc:90 - Found 2 items
2023-11-05 10:38:24,596 [INFO] DbBoardsPdsc:90 - Found 5 items
2023-11-05 10:38:24,608 [WARN] DbBoardsPdsc:254 - Board STM32H7B3I-DK: unknown feature type=Audio, name=, username=Audio stereo codec with Headphone Amp (CS42L51-CNZ), n=1
2023-11-05 10:38:24,609 [WARN] DbBoardsPdsc:254 - Board STM32H735G-DK: unknown feature type=Audio, name=, username=Audio stereo codec with Headphone Amp (WM8994ECS/R), n=1
2023-11-05 10:38:24,613 [WARN] DbBoardsPdsc:254 - Board STM32H7B3I-EVAL: unknown feature type=Audio, name=, username=Multi-Channel Audio Codec (CS42L51-CNZ), n=1
2023-11-05 10:38:24,613 [WARN] DbBoardsPdsc:254 - Board STM32H7B3I-EVAL: unknown feature type=Meter, name=, username=Power-metering and Temperature-monitoring with sigma-delta modulators, n=1
2023-11-05 10:38:24,613 [WARN] DbBoardsPdsc:254 - Board STM32H7B3I-EVAL: unknown feature type=Motor, name=, username=Motor Control, n=1
2023-11-05 10:38:24,616 [WARN] DbBoardsPdsc:254 - Board STM32U575I-EV: unknown feature type=joystick, name=, username=4-direction joystick with selection button, n=1
2023-11-05 10:38:24,657 [INFO] DbBoardsJson:86 - JSON generation date=Tue Nov 16 23:17:54 ICT 2021 (1637079474)
2023-11-05 10:38:24,670 [INFO] DbBoards:117 - Found 167 boards (163 are supported by CubeMX)
2023-11-05 10:38:24,670 [WARN] DbBoards:127 - board B-L475E-IOT01A2 has no document id list !
2023-11-05 10:38:24,671 [WARN] DbBoards:127 - board NUCLEO-H743ZI has no document id list !
2023-11-05 10:38:24,678 [WARN] DbBoards:127 - board NUCLEO-WL55JC2 has no document id list !
2023-11-05 10:38:24,678 [WARN] DbBoards:127 - board P-NUCLEO-WB55-Nucleo has no document id list !
2023-11-05 10:38:24,678 [WARN] DbBoards:127 - board P-NUCLEO-WB55-USBDongle has no document id list !
2023-11-05 10:38:24,678 [WARN] DbBoards:127 - board STEVAL-BFA001V1B has no document id list !
2023-11-05 10:38:24,678 [WARN] DbBoards:127 - board STEVAL-BFA001V2B has no document id list !
2023-11-05 10:38:24,678 [WARN] DbBoards:127 - board STEVAL-IDP005V1 has no document id list !
2023-11-05 10:38:24,678 [WARN] DbBoards:127 - board STEVAL-IDP005V2 has no document id list !
2023-11-05 10:38:24,678 [WARN] DbBoards:127 - board STEVAL-MKSBOX1V1 has no document id list !
2023-11-05 10:38:24,680 [WARN] DbBoards:127 - board STEVAL-STWINKT1 has no document id list !
2023-11-05 10:38:24,680 [WARN] DbBoards:127 - board STEVAL-STWINKT1B has no document id list !
2023-11-05 10:38:24,680 [WARN] DbBoards:127 - board STM32439I-EVAL2 has no document id list !
2023-11-05 10:38:24,680 [WARN] DbBoards:127 - board STM32F401C-DISCO has no document id list !
2023-11-05 10:38:24,682 [WARN] DbBoards:127 - board STM32F769I-DISC1 has no document id list !
2023-11-05 10:38:24,682 [WARN] DbBoards:127 - board STM32G474E-EVAL1 has no document id list !
2023-11-05 10:38:24,682 [WARN] DbBoards:127 - board STM32H743I-EVAL2 has no document id list !
2023-11-05 10:38:24,682 [WARN] DbBoards:127 - board STM32H747I-DISC1 has no document id list !
2023-11-05 10:38:24,682 [WARN] DbBoards:127 - board STM32H753I-EVAL2 has no document id list !
2023-11-05 10:38:24,683 [WARN] DbBoards:127 - board STM32L-DISCOVERY has no document id list !
2023-11-05 10:38:24,859 [ERROR] DbBoards:189 - Image file not found for board B-U585I-IOT02A: C:\ST\STM32CubeIDE_1.7.0\STM32CubeIDE\plugins\com.st.stm32cube.common.mx_6.3.0.202107141111\\db\/plugins/mcufinder/images/boards/B-U585I-IOT02A_small.jpg
2023-11-05 10:38:25,018 [ERROR] DbBoards:189 - Image file not found for board NUCLEO-F413ZH: C:\ST\STM32CubeIDE_1.7.0\STM32CubeIDE\plugins\com.st.stm32cube.common.mx_6.3.0.202107141111\\db\/plugins/mcufinder/images/boards/nucleo-f413zh_small.jpg
2023-11-05 10:38:25,391 [ERROR] DbBoards:189 - Image file not found for board NUCLEO-L552ZE-Q: C:\ST\STM32CubeIDE_1.7.0\STM32CubeIDE\plugins\com.st.stm32cube.common.mx_6.3.0.202107141111\\db\/plugins/mcufinder/images/boards/nucleo_l552ze_q_small.jpg
2023-11-05 10:38:25,391 [ERROR] DbBoards:189 - Image file not found for board NUCLEO-U575ZI-Q: C:\ST\STM32CubeIDE_1.7.0\STM32CubeIDE\plugins\com.st.stm32cube.common.mx_6.3.0.202107141111\\db\/plugins/mcufinder/images/boards/nucleo-u575zi-q_small.jpg
2023-11-05 10:38:25,391 [ERROR] DbBoards:189 - Image file not found for board NUCLEO-WB15CC: C:\ST\STM32CubeIDE_1.7.0\STM32CubeIDE\plugins\com.st.stm32cube.common.mx_6.3.0.202107141111\\db\/plugins/mcufinder/images/boards/nucleo-wb15cc_small.jpg
2023-11-05 10:38:25,391 [ERROR] DbBoards:189 - Image file not found for board NUCLEO-WB55RG: C:\ST\STM32CubeIDE_1.7.0\STM32CubeIDE\plugins\com.st.stm32cube.common.mx_6.3.0.202107141111\\db\/plugins/mcufinder/images/boards/nucleo-wb55rg_small.jpg
2023-11-05 10:38:27,053 [INFO] ApiDb:251 - Load user favorites file C:\Users\takudo/.stm32cubeide/favorites.boards.txt: 0 item(s)
2023-11-05 10:38:27,053 [INFO] ApiDb:255 - User favorites Boards=[]
2023-11-05 10:38:27,055 [INFO] DbBoards:206 - Set 0 / 0 favorites Boards
2023-11-05 10:38:27,080 [INFO] LoadUrlFilesThread:172 - End of LoadServerUrlFiles without Thread
2023-11-05 10:38:27,080 [INFO] TargetSelectorAdapter:224 - Refresh data is successful
2023-11-05 10:38:27,321 [INFO] ApiDb:479 - Connected to CubeFinder SQLite database (C:\Users\takudo\.stmcufinder\plugins\mcufinder\mcu\cube-finder-db.db)
2023-11-05 10:38:29,497 [ERROR] DbExamplesSqlite:446 - Missing JSON key: board_cpn
2023-11-05 10:38:29,499 [ERROR] DbExamplesSqlite:446 - Missing JSON key: board_cpn
2023-11-05 10:38:29,499 [ERROR] DbExamplesSqlite:446 - Missing JSON key: board_cpn
2023-11-05 10:38:29,499 [ERROR] DbExamplesSqlite:446 - Missing JSON key: board_cpn
2023-11-05 10:38:29,513 [INFO] DbExamplesSqlite:411 - Ignored 27 examples not supported by CubeIDE
2023-11-05 10:38:29,515 [INFO] DbExamplesSqlite:412 - Found 7221 examples active
2023-11-05 10:38:29,515 [INFO] DbExamplesSqlite:413 - Found 777 examples obsolete
2023-11-05 10:38:29,515 [INFO] DbExamplesSqlite:414 - Found 0 examples under development
2023-11-05 10:38:29,516 [INFO] DbExamplesSqlite:415 - Found 74 examples not building
2023-11-05 10:38:29,690 [INFO] DbExamplesSqlite:108 - CubeFinder database Data Model version=2.1
2023-11-05 10:38:29,691 [INFO] DbExamplesSqlite:109 - CubeFinder database Configuration version=3.0.37
2023-11-05 10:38:29,692 [INFO] DbExamplesSqlite:110 - CubeFinder database generation date=2023-10-13 (1697197505)
2023-11-05 10:38:29,692 [INFO] DbExamplesSqlite:111 - CubeFinder database FW Pack versions=[FP-ATR-ASTRA1_V2.0.0, FP-SNS-FLIGHT1_V5.0.1, FP-SNS-FLIGHT1_V5.0.2, FP-SNS-MOTENV1_V4.3.1, FP-SNS-MOTENV1_V4.3.2, FP-SNS-SMARTAG2_V1.2.0, I-CUBE-ITTIADB_V8.6.3-1, STM32Cube_FW_C0_V1.1.0, STM32Cube_FW_F4_V1.27.1, STM32Cube_FW_F7_V1.17.0, STM32Cube_FW_G0_V1.6.1, STM32Cube_FW_G4_V1.5.1, STM32Cube_FW_H5_V0.5.1, STM32Cube_FW_H5_V1.1.1, STM32Cube_FW_H7_V1.11.0, STM32Cube_FW_L0_V1.12.2, STM32Cube_FW_L5_V1.5.0, STM32Cube_FW_U5_V1.3.0, STM32Cube_FW_U5_V1.3.0RC4, STM32Cube_FW_WBA_V1.0.0RC1, STM32Cube_FW_WBA_V1.1.0RC1, STM32Cube_FW_WBA_V1.1.1, STM32Cube_FW_WB_V1.15.0RC1, STM32Cube_FW_WB_V1.16.0, STM32Cube_FW_WB_V1.16.0RC2, STM32Cube_FW_WB_V1.17.3, STM32Cube_FW_WL_V1.3.0, X-CUBE-ALGOBUILD_V1.3.0, X-CUBE-ALS_V1.0.1, X-CUBE-AZRTOS-F4_V1.1.0, X-CUBE-AZRTOS-F7_V1.1.0, X-CUBE-AZRTOS-G0_V1.1.0, X-CUBE-AZRTOS-G4_V2.0.0, X-CUBE-AZRTOS-H7_V3.1.0, X-CUBE-AZRTOS-L4_V1.0.0, X-CUBE-AZRTOS-L4_V2.0.0, X-CUBE-AZRTOS-L5_V1.1.0, X-CUBE-AZRTOS-WB_V2.0.0, X-CUBE-AZRTOS-WL_V2.0.0, X-CUBE-BLE1_V7.0.0, X-CUBE-BLE2_V3.3.0, X-CUBE-BLEMGR_V2.0.0, X-CUBE-EEPRMA1_V4.1.0, X-CUBE-FREERTOS_V1.1.0, X-CUBE-GNSS1_V6.0.0, X-CUBE-MEMS1_V10.0.0, X-CUBE-MEMS1_V9.1.0, X-CUBE-MEMS1_V9.4.0, X-CUBE-MEMS1_V9.6.0, X-CUBE-NFC4_V3.0.0, X-CUBE-NFC7_V1.0.1, X-CUBE-SFXS2LP1_V4.0.0, X-CUBE-SUBG2_V5.0.0, X-CUBE-TOF1_V3.3.1]
2023-11-05 10:38:29,694 [INFO] DbExamples:130 - Found 7268 examples
2023-11-05 10:38:31,281 [ERROR] DbExamples:206 - Found 7268 examples with invalid data (board or MCU)
2023-11-05 10:38:31,285 [INFO] DbExamples:222 - Found 79 boards with related examples
2023-11-05 10:38:31,287 [INFO] DbExamples:235 - Found 0 MCUs with related examples
2023-11-05 10:38:31,323 [INFO] ApiDb:242 - User favorites file not found: C:\Users\takudo/.stm32cubeide/favorites.examples.txt
2023-11-05 10:38:31,326 [INFO] DbExamples:256 - Set 0 / 0 favorites Examples
2023-11-05 10:38:32,418 [INFO] McuFinderGlobals:52 - Set McuFinderConnectedMode to false
2023-11-05 10:38:32,733 [INFO] CrossSelectorPresenter:1330 - Cross Selector saved comparison directory: C:\Users\takudo\.stmcufinder\plugins\mcufinder\mcu\cs_comparisons_mx
2023-11-05 10:38:32,743 [INFO] MultiScanPanel:197 - Auto-refresh data requested => check proxy status ongoing
2023-11-05 10:38:32,745 [INFO] MultiScanPanel:201 - Proxy status is invalid
2023-11-05 10:38:32,750 [INFO] FinderPluginLoader:87 - Searching for filters in installed packs
2023-11-05 10:38:33,668 [INFO] DetailPanel:309 - Set advertising image to C:/Users/takudo/STM32Cube/Repository/\en.prom-stm32h5-mcu-finder.jpg
2023-11-05 10:42:50,309 [INFO] MainUpdater:2671 - connection check result : 10
2023-11-05 10:42:50,314 [INFO] MainUpdater:2671 - connection check result : 10
2023-11-05 10:42:50,408 [INFO] MicroXplorer:448 - Change Database Path : 
2023-11-05 10:42:50,411 [INFO] MicroXplorer:478 - Change Database Version : DB.6.0.30
2023-11-05 10:42:50,411 [WARN] ThirdParty:813 - waiting for thirdparty lock release [close project]
2023-11-05 10:42:50,411 [INFO] ThirdParty:815 - entering critical section [close project]
2023-11-05 10:42:50,418 [INFO] ThirdParty:825 - exiting critical section [close project]
2023-11-05 10:42:50,430 [INFO] PinOutPanel:1463 - setPackage(No Configuration,No Configuration)
2023-11-05 10:42:50,440 [INFO] UtilMem:74 - Begin LoadConfig() Used Memory: 712048864 Bytes (974127104)
2023-11-05 10:42:50,444 [INFO] MicroXplorer:448 - Change Database Path : 
2023-11-05 10:42:50,444 [INFO] MicroXplorer:478 - Change Database Version : DB.6.0.30
2023-11-05 10:42:50,444 [INFO] OpenFileManager:313 - Change cursor
2023-11-05 10:42:52,464 [INFO] Context:592 - Trying to add GPIOservice into a context  which must be forbidden
2023-11-05 10:42:53,549 [INFO] ImportTextPane:167 - (OptionalMessage_ERROR) Unable to find key (Mcu.ThirdPartyNb) in loaded IOC file
2023-11-05 10:42:53,549 [INFO] ImportTextPane:167 - (OptionalMessage_ERROR) Unable to find key (Mcu.PinsNb) in loaded IOC file
2023-11-05 10:42:53,549 [INFO] ImportTextPane:167 - (OptionalMessage_ERROR) Unable to find key (Mcu.IPNb) in loaded IOC file
2023-11-05 10:42:53,648 [WARN] ApiManager:304 - Cannot register API 'Board Extension:GNSS1A1' from pack STMicroelectronics.X-CUBE-GNSS1.6.0.0: no header file found
2023-11-05 10:42:53,649 [WARN] ApiManager:304 - Cannot register API 'Board Support:Custom' from pack STMicroelectronics.X-CUBE-GNSS1.6.0.0: no header file found
2023-11-05 10:42:53,649 [WARN] ApiManager:304 - Cannot register API 'Data Exchange:lib_gnss' from pack STMicroelectronics.X-CUBE-GNSS1.6.0.0: no header file found
2023-11-05 10:42:54,062 [WARN] ApiManager:304 - Cannot register API 'Board Extension:IKS01A3' from pack STMicroelectronics.X-CUBE-MEMS1.9.6.0: no header file found
2023-11-05 10:42:54,062 [WARN] ApiManager:304 - Cannot register API 'Board Extension:IKS01A2' from pack STMicroelectronics.X-CUBE-MEMS1.9.6.0: no header file found
2023-11-05 10:42:54,062 [WARN] ApiManager:304 - Cannot register API 'Board Extension:IKS02A1' from pack STMicroelectronics.X-CUBE-MEMS1.9.6.0: no header file found
2023-11-05 10:42:54,080 [WARN] ApiManager:304 - Cannot register API 'Board Extension:EEPRMA2' from pack STMicroelectronics.X-CUBE-EEPRMA1.4.2.0: no header file found
2023-11-05 10:42:54,080 [WARN] ApiManager:304 - Cannot register API 'Board Extension:PGEEZ1' from pack STMicroelectronics.X-CUBE-EEPRMA1.4.2.0: no header file found
2023-11-05 10:42:54,080 [WARN] ApiManager:304 - Cannot register API 'Board Part:M24' from pack STMicroelectronics.X-CUBE-EEPRMA1.4.2.0: no header file found
2023-11-05 10:42:54,080 [WARN] ApiManager:304 - Cannot register API 'Board Part:M95' from pack STMicroelectronics.X-CUBE-EEPRMA1.4.2.0: no header file found
2023-11-05 10:42:54,080 [WARN] ApiManager:304 - Cannot register API 'Board Part:M95P32' from pack STMicroelectronics.X-CUBE-EEPRMA1.4.2.0: no header file found
2023-11-05 10:42:54,080 [WARN] ApiManager:304 - Cannot register API 'PGEEZ1:SPI' from pack STMicroelectronics.X-CUBE-EEPRMA1.4.2.0: no header file found
2023-11-05 10:42:54,080 [WARN] ApiManager:304 - Cannot register API 'PGEEZ1:QDSPI' from pack STMicroelectronics.X-CUBE-EEPRMA1.4.2.0: no header file found
2023-11-05 10:42:54,087 [INFO] RtosManager:484 - Registered RTOS mode: class=CMSIS, group=RTOS, mode=CMSIS_V1, owner=FREERTOS
2023-11-05 10:42:54,087 [INFO] RtosManager:484 - Registered RTOS mode: class=CMSIS, group=RTOS2, mode=CMSIS_V2, owner=FREERTOS
2023-11-05 10:42:54,087 [INFO] RtosManager:484 - Registered RTOS mode: class=RTOS, group=Core, mode=CMSIS_V1, owner=FREERTOS
2023-11-05 10:42:54,087 [INFO] RtosManager:484 - Registered RTOS mode: class=RTOS, group=Core, mode=CMSIS_V2, owner=FREERTOS
2023-11-05 10:42:54,087 [WARN] ModelIntegratedComponent:181 - Missing modes for component STMicroelectronics:FreeRTOS:0.0.1:STMicroelectronics:RTOS:FreeRTOS:Core:::10.2.0:
2023-11-05 10:42:54,090 [WARN] ApiManager:304 - Cannot register API 'Board Extension:NFC04A1' from pack STMicroelectronics.X-CUBE-NFC4.3.0.0: no header file found
2023-11-05 10:42:54,098 [WARN] ApiManager:304 - Cannot register API 'Board Extension:S2868A1' from pack STMicroelectronics.X-CUBE-SUBG2.5.0.0: no header file found
2023-11-05 10:42:54,098 [WARN] ApiManager:304 - Cannot register API 'Board Extension:S2868A2' from pack STMicroelectronics.X-CUBE-SUBG2.5.0.0: no header file found
2023-11-05 10:42:54,098 [WARN] ApiManager:304 - Cannot register API 'Board Extension:S2915A1' from pack STMicroelectronics.X-CUBE-SUBG2.5.0.0: no header file found
2023-11-05 10:42:54,110 [WARN] ApiManager:304 - Cannot register API 'Wireless:BlueNRG-MS' from pack STMicroelectronics.X-CUBE-BLE1.7.0.0: no header file found
2023-11-05 10:42:54,115 [WARN] ModelIntegratedComponent:60 - No mode defined for component null
2023-11-05 10:42:54,117 [WARN] ModelIntegratedComponent:60 - No mode defined for component null
2023-11-05 10:42:54,117 [WARN] ModelIntegratedComponent:60 - No mode defined for component null
2023-11-05 10:42:54,117 [WARN] ModelIntegratedComponent:60 - No mode defined for component null
2023-11-05 10:42:54,117 [WARN] ModelIntegratedComponent:60 - No mode defined for component null
2023-11-05 10:42:54,117 [WARN] ModelIntegratedComponent:60 - No mode defined for component null
2023-11-05 10:42:54,117 [WARN] ModelIntegratedComponent:60 - No mode defined for component null
2023-11-05 10:42:54,117 [WARN] ModelIntegratedComponent:60 - No mode defined for component null
2023-11-05 10:42:54,117 [WARN] ModelIntegratedComponent:60 - No mode defined for component null
2023-11-05 10:42:54,117 [WARN] ModelIntegratedComponent:60 - No mode defined for component null
2023-11-05 10:42:54,117 [WARN] ModelIntegratedComponent:60 - No mode defined for component null
2023-11-05 10:42:54,119 [WARN] ModelIntegratedComponent:60 - No mode defined for component null
2023-11-05 10:42:54,119 [WARN] ModelIntegratedComponent:60 - No mode defined for component null
2023-11-05 10:42:54,119 [WARN] ModelIntegratedComponent:60 - No mode defined for component null
2023-11-05 10:42:54,119 [WARN] ModelIntegratedComponent:60 - No mode defined for component null
2023-11-05 10:42:54,119 [WARN] ModelIntegratedComponent:60 - No mode defined for component null
2023-11-05 10:42:54,119 [WARN] ModelIntegratedComponent:60 - No mode defined for component null
2023-11-05 10:42:54,119 [WARN] ModelIntegratedComponent:60 - No mode defined for component null
2023-11-05 10:42:54,119 [WARN] ModelIntegratedComponent:60 - No mode defined for component null
2023-11-05 10:42:54,119 [WARN] ModelIntegratedComponent:60 - No mode defined for component null
2023-11-05 10:42:54,119 [WARN] ModelIntegratedComponent:60 - No mode defined for component null
2023-11-05 10:42:54,119 [WARN] ModelIntegratedComponent:60 - No mode defined for component null
2023-11-05 10:42:54,119 [WARN] ModelIntegratedComponent:60 - No mode defined for component null
2023-11-05 10:42:54,121 [WARN] ModelIntegratedComponent:60 - No mode defined for component null
2023-11-05 10:42:54,121 [WARN] ModelIntegratedComponent:60 - No mode defined for component null
2023-11-05 10:42:54,121 [WARN] ModelIntegratedComponent:60 - No mode defined for component null
2023-11-05 10:42:54,121 [WARN] ModelIntegratedComponent:60 - No mode defined for component null
2023-11-05 10:42:54,121 [WARN] ModelIntegratedComponent:60 - No mode defined for component null
2023-11-05 10:42:54,121 [WARN] ModelIntegratedComponent:60 - No mode defined for component null
2023-11-05 10:42:54,121 [WARN] ModelIntegratedComponent:60 - No mode defined for component null
2023-11-05 10:42:54,121 [WARN] ModelIntegratedComponent:60 - No mode defined for component null
2023-11-05 10:42:54,503 [WARN] ApiManager:304 - Cannot register API 'Board Extension:IKS01A3' from pack STMicroelectronics.X-CUBE-MEMS1.10.0.0: no header file found
2023-11-05 10:42:54,503 [WARN] ApiManager:304 - Cannot register API 'Board Extension:IKS02A1' from pack STMicroelectronics.X-CUBE-MEMS1.10.0.0: no header file found
2023-11-05 10:42:54,503 [WARN] ApiManager:304 - Cannot register API 'Board Extension:IKS4A1' from pack STMicroelectronics.X-CUBE-MEMS1.10.0.0: no header file found
2023-11-05 10:42:54,523 [WARN] ApiManager:304 - Cannot register API 'Board Extension:NFC07A1' from pack STMicroelectronics.X-CUBE-NFC7.1.0.1: no header file found
2023-11-05 10:42:54,525 [WARN] ApiManager:304 - Cannot register API 'Board Extension:NFC06A1' from pack STMicroelectronics.X-CUBE-NFC6.3.0.0: no header file found
2023-11-05 10:42:54,525 [WARN] ApiManager:304 - Cannot register API 'Board Extension:NFC08A1' from pack STMicroelectronics.X-CUBE-NFC6.3.0.0: no header file found
2023-11-05 10:42:54,527 [WARN] ApiManager:304 - Cannot register API 'Board Extension:EEPRMA1' from pack STMicroelectronics.X-CUBE-EEPRMA1.4.1.0: no header file found
2023-11-05 10:42:54,527 [WARN] ApiManager:304 - Cannot register API 'Board Extension:EEPRMA2' from pack STMicroelectronics.X-CUBE-EEPRMA1.4.1.0: no header file found
2023-11-05 10:42:54,527 [WARN] ApiManager:304 - Cannot register API 'Board Extension:PGEEZ1' from pack STMicroelectronics.X-CUBE-EEPRMA1.4.1.0: no header file found
2023-11-05 10:42:54,527 [WARN] ApiManager:304 - Cannot register API 'Board Part:M24' from pack STMicroelectronics.X-CUBE-EEPRMA1.4.1.0: no header file found
2023-11-05 10:42:54,527 [WARN] ApiManager:304 - Cannot register API 'Board Part:M95' from pack STMicroelectronics.X-CUBE-EEPRMA1.4.1.0: no header file found
2023-11-05 10:42:54,527 [WARN] ApiManager:304 - Cannot register API 'Board Part:M95P32' from pack STMicroelectronics.X-CUBE-EEPRMA1.4.1.0: no header file found
2023-11-05 10:42:54,527 [WARN] ApiManager:304 - Cannot register API 'PGEEZ1:SPI' from pack STMicroelectronics.X-CUBE-EEPRMA1.4.1.0: no header file found
2023-11-05 10:42:54,527 [WARN] ApiManager:304 - Cannot register API 'PGEEZ1:QDSPI' from pack STMicroelectronics.X-CUBE-EEPRMA1.4.1.0: no header file found
2023-11-05 10:42:54,545 [WARN] ApiManager:304 - Cannot register API 'Board Extension:S2868A1' from pack STMicroelectronics.X-CUBE-SFXS2LP1.4.0.0: no header file found
2023-11-05 10:42:54,546 [WARN] ApiManager:304 - Cannot register API 'Board Extension:S2868A2' from pack STMicroelectronics.X-CUBE-SFXS2LP1.4.0.0: no header file found
2023-11-05 10:42:54,546 [WARN] ApiManager:304 - Cannot register API 'Board Extension:S2915A1' from pack STMicroelectronics.X-CUBE-SFXS2LP1.4.0.0: no header file found
2023-11-05 10:42:54,546 [WARN] ApiManager:304 - Cannot register API 'Wireless:BlueNRG-2' from pack STMicroelectronics.X-CUBE-BLE2.3.3.0: no header file found
2023-11-05 10:43:00,013 [INFO] UtilMem:74 - End LoadConfig() Used Memory: 828836408 Bytes (974127104)
2023-11-05 10:43:00,031 [WARN] ThirdParty:779 - waiting for thirdparty lock release [change project]
2023-11-05 10:43:00,032 [INFO] ThirdParty:781 - entering critical section [change project]
2023-11-05 10:43:00,032 [INFO] ThirdParty:967 - CMSIS Pack Vendor :STMicroelectronics X-CUBE-ISPU 1.1.0
2023-11-05 10:43:00,032 [INFO] ThirdParty:967 - CMSIS Pack Vendor :STMicroelectronics X-CUBE-GNSS1 6.0.0
2023-11-05 10:43:00,032 [INFO] ThirdParty:967 - CMSIS Pack Vendor :STMicroelectronics USB_HOST 2.0.0
2023-11-05 10:43:00,033 [INFO] ThirdParty:967 - CMSIS Pack Vendor :STMicroelectronics X-CUBE-AZRTOS-F4 1.1.0
2023-11-05 10:43:00,033 [INFO] ThirdParty:967 - CMSIS Pack Vendor :wolfSSL I-CUBE-wolfSSL 5.6.3
2023-11-05 10:43:00,033 [INFO] ThirdParty:967 - CMSIS Pack Vendor :STMicroelectronics USB_DEVICE 3.0.0
2023-11-05 10:43:00,033 [INFO] ThirdParty:967 - CMSIS Pack Vendor :STMicroelectronics X-CUBE-AZRTOS-WB 2.0.0
2023-11-05 10:43:00,033 [INFO] ThirdParty:967 - CMSIS Pack Vendor :STMicroelectronics X-CUBE-AZRTOS-F7 1.1.0
2023-11-05 10:43:00,033 [INFO] ThirdParty:967 - CMSIS Pack Vendor :STMicroelectronics X-CUBE-AZRTOS-L5 2.0.0
2023-11-05 10:43:00,033 [INFO] ThirdParty:967 - CMSIS Pack Vendor :STMicroelectronics USB_DEVICE 2.0.0
2023-11-05 10:43:00,033 [INFO] ThirdParty:967 - CMSIS Pack Vendor :STMicroelectronics X-CUBE-MEMS1 9.6.0
2023-11-05 10:43:00,033 [INFO] ThirdParty:967 - CMSIS Pack Vendor :STMicroelectronics X-CUBE-EEPRMA1 4.2.0
2023-11-05 10:43:00,033 [INFO] ThirdParty:967 - CMSIS Pack Vendor :STMicroelectronics X-CUBE-ALGOBUILD 1.3.0
2023-11-05 10:43:00,033 [INFO] ThirdParty:967 - CMSIS Pack Vendor :STMicroelectronics FreeRTOS 0.0.1
2023-11-05 10:43:00,033 [INFO] ThirdParty:967 - CMSIS Pack Vendor :STMicroelectronics X-CUBE-AZRTOS-G0 1.1.0
2023-11-05 10:43:00,033 [INFO] ThirdParty:967 - CMSIS Pack Vendor :STMicroelectronics X-CUBE-BLEMGR 2.0.0
2023-11-05 10:43:00,033 [INFO] ThirdParty:967 - CMSIS Pack Vendor :STMicroelectronics X-CUBE-NFC4 3.0.0
2023-11-05 10:43:00,033 [INFO] ThirdParty:967 - CMSIS Pack Vendor :STMicroelectronics X-CUBE-SUBG2 5.0.0
2023-11-05 10:43:00,033 [INFO] ThirdParty:967 - CMSIS Pack Vendor :STMicroelectronics lwIP 2.0.3
2023-11-05 10:43:00,035 [INFO] ThirdParty:967 - CMSIS Pack Vendor :STMicroelectronics USB_HOST 1.0.0
2023-11-05 10:43:00,035 [INFO] ThirdParty:967 - CMSIS Pack Vendor :STMicroelectronics X-CUBE-AZRTOS-G4 2.0.0
2023-11-05 10:43:00,035 [INFO] ThirdParty:967 - CMSIS Pack Vendor :STMicroelectronics PDM2PCM 3.1.0
2023-11-05 10:43:00,035 [INFO] ThirdParty:967 - CMSIS Pack Vendor :STMicroelectronics X-CUBE-AZRTOS-H7 3.1.0
2023-11-05 10:43:00,035 [INFO] ThirdParty:967 - CMSIS Pack Vendor :STMicroelectronics PDM2PCM 3.3.0
2023-11-05 10:43:00,035 [INFO] ThirdParty:967 - CMSIS Pack Vendor :STMicroelectronics X-CUBE-BLE1 7.0.0
2023-11-05 10:43:00,035 [INFO] ThirdParty:967 - CMSIS Pack Vendor :STMicroelectronics FP-ATR-SIGFOX1 3.2.0
2023-11-05 10:43:00,035 [INFO] ThirdParty:967 - CMSIS Pack Vendor :STMicroelectronics HAL Drivers 0.0.0
2023-11-05 10:43:00,035 [INFO] ThirdParty:967 - CMSIS Pack Vendor :STMicroelectronics MBEDTLS 2.16.2
2023-11-05 10:43:00,035 [INFO] ThirdParty:967 - CMSIS Pack Vendor :STMicroelectronics X-CUBE-MEMS1 10.0.0
2023-11-05 10:43:00,035 [INFO] ThirdParty:967 - CMSIS Pack Vendor :STMicroelectronics X-CUBE-TOUCHGFX 4.22.0
2023-11-05 10:43:00,035 [INFO] ThirdParty:967 - CMSIS Pack Vendor :STMicroelectronics X-CUBE-NFC7 1.0.1
2023-11-05 10:43:00,035 [INFO] ThirdParty:967 - CMSIS Pack Vendor :STMicroelectronics MBEDTLS 2.14.1
2023-11-05 10:43:00,035 [INFO] ThirdParty:967 - CMSIS Pack Vendor :STMicroelectronics X-CUBE-TOUCHGFX 4.22.1
2023-11-05 10:43:00,035 [INFO] ThirdParty:967 - CMSIS Pack Vendor :STMicroelectronics X-CUBE-NFC6 3.0.0
2023-11-05 10:43:00,035 [INFO] ThirdParty:967 - CMSIS Pack Vendor :STMicroelectronics X-CUBE-EEPRMA1 4.1.0
2023-11-05 10:43:00,035 [INFO] ThirdParty:967 - CMSIS Pack Vendor :portGmbH I-Cube-SoM-uGOAL 1.1.0
2023-11-05 10:43:00,035 [INFO] ThirdParty:967 - CMSIS Pack Vendor :STMicroelectronics X-CUBE-ALS 1.0.1
2023-11-05 10:43:00,035 [INFO] ThirdParty:967 - CMSIS Pack Vendor :STMicroelectronics X-CUBE-AZRTOS-WL 2.0.0
2023-11-05 10:43:00,035 [INFO] ThirdParty:967 - CMSIS Pack Vendor :SEGGER I-CUBE-embOS 1.3.1
2023-11-05 10:43:00,035 [INFO] ThirdParty:967 - CMSIS Pack Vendor :STMicroelectronics USB_DEVICE 1.0.0
2023-11-05 10:43:00,035 [INFO] ThirdParty:967 - CMSIS Pack Vendor :STMicroelectronics X-CUBE-AI 8.1.0
2023-11-05 10:43:00,035 [INFO] ThirdParty:967 - CMSIS Pack Vendor :STMicroelectronics X-CUBE-AZRTOS-L4 2.0.0
2023-11-05 10:43:00,035 [INFO] ThirdParty:967 - CMSIS Pack Vendor :STMicroelectronics ThreadX 0.0.2
2023-11-05 10:43:00,035 [INFO] ThirdParty:967 - CMSIS Pack Vendor :WES I-CUBE-Cesium 1.3.0
2023-11-05 10:43:00,035 [INFO] ThirdParty:967 - CMSIS Pack Vendor :STMicroelectronics FP-ATR-ASTRA1 2.0.0
2023-11-05 10:43:00,035 [INFO] ThirdParty:967 - CMSIS Pack Vendor :STMicroelectronics lwIP 2.1.2
2023-11-05 10:43:00,035 [INFO] ThirdParty:967 - CMSIS Pack Vendor :STMicroelectronics X-CUBE-SFXS2LP1 4.0.0
2023-11-05 10:43:00,035 [INFO] ThirdParty:967 - CMSIS Pack Vendor :STMicroelectronics X-CUBE-BLE2 3.3.0
2023-11-05 10:43:00,035 [INFO] ThirdParty:967 - CMSIS Pack Vendor :STMicroelectronics PDM2PCM 3.2.0
2023-11-05 10:43:00,039 [INFO] ThirdParty:787 - exiting critical section [change project]
2023-11-05 10:43:00,636 [INFO] PinOutPanel:1463 - setPackage(No Configuration,No Configuration)
2023-11-05 10:43:00,644 [INFO] PinOutPanel:1463 - setPackage(STM32F103C6Ux,UFQFPN48)
2023-11-05 10:43:01,655 [INFO] UtilMem:74 - Before build in PCC Used Memory: 728281216 Bytes (974127104)
2023-11-05 10:43:02,814 [INFO] UtilMem:74 - After build in PCC Used Memory: 807446656 Bytes (974127104)
2023-11-05 10:43:02,870 [INFO] IPUIPlugin:74 - create IPUIPlugin
2023-11-05 10:43:02,873 [INFO] IPUIPlugin:74 - create IPUIPlugin
2023-11-05 10:43:02,874 [INFO] IPUIPlugin:74 - create IPUIPlugin
2023-11-05 10:43:02,874 [INFO] IPUIPlugin:74 - create IPUIPlugin
2023-11-05 10:43:02,874 [INFO] IPUIPlugin:74 - create IPUIPlugin
2023-11-05 10:43:02,874 [INFO] IPUIPlugin:74 - create IPUIPlugin
2023-11-05 10:43:02,875 [INFO] IPUIPlugin:74 - create IPUIPlugin
2023-11-05 10:43:02,875 [INFO] IPUIPlugin:74 - create IPUIPlugin
2023-11-05 10:43:02,875 [INFO] IPUIPlugin:74 - create IPUIPlugin
2023-11-05 10:43:02,875 [INFO] IPUIPlugin:74 - create IPUIPlugin
2023-11-05 10:43:02,875 [INFO] IPUIPlugin:74 - create IPUIPlugin
2023-11-05 10:43:02,877 [INFO] IPUIPlugin:74 - create IPUIPlugin
2023-11-05 10:43:02,877 [INFO] IPUIPlugin:74 - create IPUIPlugin
2023-11-05 10:43:02,877 [INFO] IPUIPlugin:74 - create IPUIPlugin
2023-11-05 10:43:02,877 [INFO] IPUIPlugin:74 - create IPUIPlugin
2023-11-05 10:43:02,880 [INFO] IPUIPlugin:74 - create IPUIPlugin
2023-11-05 10:43:02,880 [INFO] IPUIPlugin:74 - create IPUIPlugin
2023-11-05 10:43:02,880 [INFO] IPUIPlugin:74 - create IPUIPlugin
2023-11-05 10:43:02,880 [INFO] IPUIPlugin:74 - create IPUIPlugin
2023-11-05 10:43:02,882 [INFO] IPUIPlugin:74 - create IPUIPlugin
2023-11-05 10:43:02,882 [INFO] IPUIPlugin:74 - create IPUIPlugin
2023-11-05 10:43:02,883 [INFO] IPUIPlugin:74 - create IPUIPlugin
2023-11-05 10:43:02,883 [INFO] IPUIPlugin:74 - create IPUIPlugin
2023-11-05 10:43:03,091 [INFO] OpenFileManager:333 - Restore cursor
2023-11-05 10:43:03,848 [INFO] UtilMem:74 - End SaveConfig() Used Memory: 684836512 Bytes (974127104)
2023-11-05 10:43:03,977 [INFO] UtilMem:74 - End SaveConfig() Used Memory: 696897184 Bytes (974127104)
2023-11-05 10:43:04,765 [INFO] BlockDiagram:2740 - set Specific Code input for plugin: NVIC
2023-11-05 10:43:04,765 [INFO] BlockDiagram:2740 - set Specific Code input for plugin: SYS
2023-11-05 10:43:04,768 [INFO] BlockDiagram:2740 - set Specific Code input for plugin: RCC
2023-11-05 10:43:04,769 [INFO] CodeGenerator:663 - code generatio: config db path: C:\ST\STM32CubeIDE_1.7.0\STM32CubeIDE\plugins\com.st.stm32cube.common.mx_6.3.0.202107141111\\db\
2023-11-05 10:43:05,465 [INFO] CodeEngine:239 - oldGeneratedFile, C:\Users\takudo\stmlab4\lab4\MXTmpFiles\license.tmp_save
2023-11-05 10:43:06,174 [INFO] CodeEngine:257 - Generated code: C:\Users\takudo\stmlab4\lab4\MXTmpFiles\license.tmp
2023-11-05 10:43:06,447 [INFO] CodeEngine:239 - oldGeneratedFile, C:\Users\takudo\stmlab4\lab4\Core\Src\stm32f1xx_it.c_save
2023-11-05 10:43:06,724 [INFO] CodeEngine:257 - Generated code: C:\Users\takudo\stmlab4\lab4\Core\Src\stm32f1xx_it.c
2023-11-05 10:43:06,733 [INFO] CodeEngine:239 - oldGeneratedFile, C:\Users\takudo\stmlab4\lab4\Core\Inc\stm32f1xx_it.h_save
2023-11-05 10:43:06,863 [INFO] CodeEngine:257 - Generated code: C:\Users\takudo\stmlab4\lab4\Core\Inc\stm32f1xx_it.h
2023-11-05 10:43:06,969 [INFO] CodeEngine:239 - oldGeneratedFile, C:\Users\takudo\stmlab4\lab4\Core\Src\stm32f1xx_hal_msp.c_save
2023-11-05 10:43:07,174 [INFO] CodeEngine:257 - Generated code: C:\Users\takudo\stmlab4\lab4\Core\Src\stm32f1xx_hal_msp.c
2023-11-05 10:43:07,183 [INFO] CodeEngine:239 - oldGeneratedFile, C:\Users\takudo\stmlab4\lab4\MXTmpFiles\system.tmp_save
2023-11-05 10:43:07,276 [INFO] CodeEngine:257 - Generated code: C:\Users\takudo\stmlab4\lab4\MXTmpFiles\system.tmp
2023-11-05 10:43:07,289 [INFO] CodeEngine:239 - oldGeneratedFile, C:\Users\takudo\stmlab4\lab4\Core\Inc\stm32f1xx_hal_conf.h_save
2023-11-05 10:43:07,404 [INFO] CodeEngine:257 - Generated code: C:\Users\takudo\stmlab4\lab4\Core\Inc\stm32f1xx_hal_conf.h
2023-11-05 10:43:07,475 [INFO] CodeEngine:239 - oldGeneratedFile, C:\Users\takudo\stmlab4\lab4\Core\Inc\main.h_save
2023-11-05 10:43:07,765 [INFO] CodeEngine:257 - Generated code: C:\Users\takudo\stmlab4\lab4\Core\Inc\main.h
2023-11-05 10:43:07,778 [INFO] CodeEngine:239 - oldGeneratedFile, C:\Users\takudo\stmlab4\lab4\Core\Src\main.c_save
2023-11-05 10:43:08,009 [INFO] CodeEngine:257 - Generated code: C:\Users\takudo\stmlab4\lab4\Core\Src\main.c
2023-11-05 10:43:09,719 [INFO] ProjectBuilder:2578 - Time for Copy HAL[1] : 86mS.
2023-11-05 10:43:09,752 [INFO] ProjectBuilder:3622 - Project Generator version: 3.14.1
2023-11-05 10:43:10,763 [INFO] ConfigFileManager:1271 - The Die is : DIE412
2023-11-05 10:43:10,814 [INFO] ApiDbMcu:468 - Load IP Config File for FATFS
2023-11-05 10:43:10,866 [INFO] ApiDbMcu:468 - Load IP Config File for FREERTOS
2023-11-05 10:43:10,913 [INFO] ApiDbMcu:468 - Load IP Config File for USB_DEVICE
2023-11-05 10:43:18,857 [INFO] ProjectBuilder:3789 - Time for Generating toolchain IDE Files: 9105mS.
2023-11-05 10:43:18,859 [INFO] ProjectBuilder:2457 - Time for Copy CMSIS : 2mS.
2023-11-05 10:43:18,862 [INFO] ProjectBuilder:2457 - Time for Copy CMSIS : 0mS.
2023-11-05 10:43:20,333 [INFO] McuFinderGlobals:52 - Set McuFinderConnectedMode to true
2023-11-05 10:43:20,357 [INFO] ApiDb:276 - Save user favorites file C:\Users\takudo/.stm32cubeide/favorites.mcus.txt: 0 item(s)
2023-11-05 10:43:20,359 [INFO] ApiDb:280 - User favorites MCUs=[]
2023-11-05 10:46:14,868 [INFO] NvicIntPanel:96 - NVIC parent = com.st.microxplorer.plugins.ip.nvic.MultiNvicIntPanel[,0,0,450x222,layout=javax.swing.BoxLayout,alignmentX=0.0,alignmentY=0.0,border=,flags=9,maximumSize=,minimumSize=,preferredSize=]
2023-11-05 10:48:33,619 [INFO] ADCParametersView:103 -                Rank 1 : false
2023-11-05 10:48:57,507 [INFO] ADCParametersView:103 -                Rank 1 : false
2023-11-05 10:48:57,519 [INFO] ADCParametersView:103 -                Rank 1 : false
2023-11-05 10:48:57,519 [INFO] ADCParametersView:103 -                Rank 1 : false
2023-11-05 10:48:57,519 [INFO] ADCParametersView:103 -                Rank 1 : false
2023-11-05 10:48:57,519 [INFO] ADCParametersView:103 -                Rank 1 : false
2023-11-05 10:48:57,519 [INFO] ADCParametersView:103 -                Rank 1 : false
2023-11-05 10:48:57,519 [INFO] ADCParametersView:103 -                Rank 1 : false
2023-11-05 10:48:57,519 [INFO] ADCParametersView:103 -                Rank 1 : false
2023-11-05 10:48:57,519 [INFO] ADCParametersView:103 -                Rank 1 : false
2023-11-05 10:48:57,519 [INFO] ADCParametersView:103 -                Rank 1 : false
2023-11-05 10:48:57,592 [INFO] ADCParametersView:103 -                Rank 1 : false
2023-11-05 10:48:57,824 [INFO] ADCParametersView:103 -                Rank 1 : false
2023-11-05 10:48:57,832 [INFO] ADCParametersView:103 -                Rank 1 : false
2023-11-05 10:48:57,832 [INFO] ADCParametersView:103 -                Rank 1 : false
2023-11-05 10:48:57,832 [INFO] ADCParametersView:103 -                Rank 1 : false
2023-11-05 10:48:57,834 [INFO] ADCParametersView:103 -                Rank 1 : false
2023-11-05 10:48:57,834 [INFO] ADCParametersView:103 -                Rank 1 : false
2023-11-05 10:48:57,834 [INFO] ADCParametersView:103 -                Rank 1 : false
2023-11-05 10:48:57,836 [INFO] ADCParametersView:103 -                Rank 1 : false
2023-11-05 10:48:57,836 [INFO] ADCParametersView:103 -                Rank 1 : false
2023-11-05 10:48:57,836 [INFO] ADCParametersView:103 -                Rank 1 : false
2023-11-05 10:48:57,864 [INFO] ADCParametersView:103 -                Rank 1 : false
2023-11-05 10:49:20,497 [INFO] ADCParametersView:103 -                Rank 1 : false
2023-11-05 10:49:20,512 [INFO] ADCParametersView:103 -                Rank 1 : false
2023-11-05 10:49:20,514 [INFO] ADCParametersView:103 -                Rank 1 : false
2023-11-05 10:49:20,514 [INFO] ADCParametersView:103 -                Rank 1 : false
2023-11-05 10:49:20,516 [INFO] ADCParametersView:103 -                Rank 1 : false
2023-11-05 10:49:20,516 [INFO] ADCParametersView:103 -                Rank 1 : false
2023-11-05 10:49:20,516 [INFO] ADCParametersView:103 -                Rank 1 : false
2023-11-05 10:49:20,517 [INFO] ADCParametersView:103 -                Rank 1 : false
2023-11-05 10:49:20,517 [INFO] ADCParametersView:103 -                Rank 1 : false
2023-11-05 10:49:20,519 [INFO] ADCParametersView:103 -                Rank 1 : false
2023-11-05 10:49:20,577 [INFO] ADCParametersView:103 -                Rank 1 : false
2023-11-05 10:49:20,971 [INFO] ADCParametersView:103 -                Rank 1 : false
2023-11-05 10:49:20,973 [INFO] ADCParametersView:103 -                Rank 1 : false
2023-11-05 10:49:20,977 [INFO] ADCParametersView:103 -                Rank 1 : false
2023-11-05 10:49:20,978 [INFO] ADCParametersView:103 -                Rank 1 : false
2023-11-05 10:49:20,978 [INFO] ADCParametersView:103 -                Rank 1 : false
2023-11-05 10:49:20,978 [INFO] ADCParametersView:103 -                Rank 1 : false
2023-11-05 10:49:20,980 [INFO] ADCParametersView:103 -                Rank 1 : false
2023-11-05 10:49:20,980 [INFO] ADCParametersView:103 -                Rank 1 : false
2023-11-05 10:49:20,981 [INFO] ADCParametersView:103 -                Rank 1 : false
2023-11-05 10:49:20,981 [INFO] ADCParametersView:103 -                Rank 1 : false
2023-11-05 10:49:20,997 [INFO] ADCParametersView:103 -                Rank 1 : false
2023-11-05 10:49:47,266 [INFO] UtilMem:74 - End SaveConfig() Used Memory: 801953128 Bytes (1073741824)
2023-11-05 10:49:50,427 [INFO] UtilMem:74 - End SaveConfig() Used Memory: 679146624 Bytes (1073741824)
2023-11-05 10:49:58,584 [INFO] UtilMem:74 - End SaveConfig() Used Memory: 712201120 Bytes (1073741824)
2023-11-05 10:49:59,626 [INFO] BlockDiagram:2740 - set Specific Code input for plugin: NVIC
2023-11-05 10:49:59,626 [INFO] BlockDiagram:2740 - set Specific Code input for plugin: SYS
2023-11-05 10:49:59,626 [INFO] BlockDiagram:2740 - set Specific Code input for plugin: GPIO
2023-11-05 10:49:59,629 [INFO] BlockDiagram:2740 - set Specific Code input for plugin: ADC
2023-11-05 10:49:59,630 [INFO] BlockDiagram:2740 - set Specific Code input for plugin: USART
2023-11-05 10:49:59,630 [INFO] BlockDiagram:2740 - set Specific Code input for plugin: RCC
2023-11-05 10:49:59,631 [INFO] CodeGenerator:663 - code generatio: config db path: C:\ST\STM32CubeIDE_1.7.0\STM32CubeIDE\plugins\com.st.stm32cube.common.mx_6.3.0.202107141111\\db\
2023-11-05 10:50:00,311 [INFO] CodeEngine:239 - oldGeneratedFile, C:\Users\takudo\stmlab4\lab4\MXTmpFiles\license.tmp_save
2023-11-05 10:50:00,529 [INFO] CodeEngine:257 - Generated code: C:\Users\takudo\stmlab4\lab4\MXTmpFiles\license.tmp
2023-11-05 10:50:00,722 [INFO] CodeEngine:239 - oldGeneratedFile, C:\Users\takudo\stmlab4\lab4\MXTmpFiles\gpio.tmp_save
2023-11-05 10:50:00,859 [INFO] CodeEngine:257 - Generated code: C:\Users\takudo\stmlab4\lab4\MXTmpFiles\gpio.tmp
2023-11-05 10:50:01,232 [INFO] CodeEngine:239 - oldGeneratedFile, C:\Users\takudo\stmlab4\lab4\Core\Src\stm32f1xx_it.c_save
2023-11-05 10:50:01,396 [INFO] CodeEngine:257 - Generated code: C:\Users\takudo\stmlab4\lab4\Core\Src\stm32f1xx_it.c
2023-11-05 10:50:01,401 [INFO] CodeEngine:239 - oldGeneratedFile, C:\Users\takudo\stmlab4\lab4\Core\Inc\stm32f1xx_it.h_save
2023-11-05 10:50:01,504 [INFO] CodeEngine:257 - Generated code: C:\Users\takudo\stmlab4\lab4\Core\Inc\stm32f1xx_it.h
2023-11-05 10:50:01,522 [INFO] CodeEngine:239 - oldGeneratedFile, C:\Users\takudo\stmlab4\lab4\Core\Src\stm32f1xx_hal_msp.c_save
2023-11-05 10:50:01,704 [INFO] CodeEngine:257 - Generated code: C:\Users\takudo\stmlab4\lab4\Core\Src\stm32f1xx_hal_msp.c
2023-11-05 10:50:01,708 [INFO] CodeEngine:239 - oldGeneratedFile, C:\Users\takudo\stmlab4\lab4\MXTmpFiles\system.tmp_save
2023-11-05 10:50:01,799 [INFO] CodeEngine:257 - Generated code: C:\Users\takudo\stmlab4\lab4\MXTmpFiles\system.tmp
2023-11-05 10:50:01,812 [INFO] CodeEngine:239 - oldGeneratedFile, C:\Users\takudo\stmlab4\lab4\Core\Inc\stm32f1xx_hal_conf.h_save
2023-11-05 10:50:02,025 [INFO] CodeEngine:257 - Generated code: C:\Users\takudo\stmlab4\lab4\Core\Inc\stm32f1xx_hal_conf.h
2023-11-05 10:50:02,103 [INFO] CodeEngine:239 - oldGeneratedFile, C:\Users\takudo\stmlab4\lab4\Core\Inc\main.h_save
2023-11-05 10:50:02,257 [INFO] CodeEngine:257 - Generated code: C:\Users\takudo\stmlab4\lab4\Core\Inc\main.h
2023-11-05 10:50:02,268 [INFO] CodeEngine:239 - oldGeneratedFile, C:\Users\takudo\stmlab4\lab4\Core\Src\main.c_save
2023-11-05 10:50:02,519 [INFO] CodeEngine:257 - Generated code: C:\Users\takudo\stmlab4\lab4\Core\Src\main.c
2023-11-05 10:50:04,197 [INFO] ProjectBuilder:2578 - Time for Copy HAL[1] : 86mS.
2023-11-05 10:50:04,218 [INFO] ProjectBuilder:3622 - Project Generator version: 3.14.1
2023-11-05 10:50:05,178 [INFO] ConfigFileManager:1271 - The Die is : DIE412
2023-11-05 10:50:10,283 [INFO] ProjectBuilder:3789 - Time for Generating toolchain IDE Files: 6065mS.
2023-11-05 10:50:10,285 [INFO] ProjectBuilder:2457 - Time for Copy CMSIS : 2mS.
2023-11-05 10:50:10,289 [INFO] ProjectBuilder:2457 - Time for Copy CMSIS : 0mS.
2023-11-05 13:44:43,829 [INFO] NvicIntPanel:96 - NVIC parent = com.st.microxplorer.plugins.ip.nvic.MultiNvicIntPanel[,0,0,0x0,invalid,layout=javax.swing.BoxLayout,alignmentX=0.0,alignmentY=0.0,border=,flags=9,maximumSize=,minimumSize=,preferredSize=]
2023-11-05 13:44:55,371 [INFO] NvicIntPanel:96 - NVIC parent = com.st.microxplorer.plugins.ip.nvic.MultiNvicIntPanel[,0,0,0x0,invalid,layout=javax.swing.BoxLayout,alignmentX=0.0,alignmentY=0.0,border=,flags=9,maximumSize=,minimumSize=,preferredSize=]
2023-11-05 13:45:34,718 [INFO] UtilMem:74 - End SaveConfig() Used Memory: 786475560 Bytes (1073741824)
2023-11-05 13:45:35,195 [INFO] UtilMem:74 - End SaveConfig() Used Memory: 811020768 Bytes (1073741824)
2023-11-05 13:45:37,009 [INFO] UtilMem:74 - End SaveConfig() Used Memory: 767585384 Bytes (1073741824)
2023-11-05 13:45:38,562 [INFO] BlockDiagram:2740 - set Specific Code input for plugin: NVIC
2023-11-05 13:45:38,562 [INFO] BlockDiagram:2740 - set Specific Code input for plugin: SYS
2023-11-05 13:45:38,563 [INFO] BlockDiagram:2740 - set Specific Code input for plugin: GPIO
2023-11-05 13:45:38,564 [INFO] BlockDiagram:2740 - set Specific Code input for plugin: ADC
2023-11-05 13:45:38,564 [INFO] BlockDiagram:2740 - set Specific Code input for plugin: USART
2023-11-05 13:45:38,564 [INFO] BlockDiagram:2740 - set Specific Code input for plugin: RCC
2023-11-05 13:45:38,564 [INFO] BlockDiagram:2740 - set Specific Code input for plugin: TIM1_8F1
2023-11-05 13:45:38,564 [INFO] CodeGenerator:663 - code generatio: config db path: C:\ST\STM32CubeIDE_1.7.0\STM32CubeIDE\plugins\com.st.stm32cube.common.mx_6.3.0.202107141111\\db\
2023-11-05 13:45:39,117 [INFO] CodeEngine:239 - oldGeneratedFile, C:\Users\takudo\stmlab4\lab4\MXTmpFiles\license.tmp_save
2023-11-05 13:45:39,259 [INFO] CodeEngine:257 - Generated code: C:\Users\takudo\stmlab4\lab4\MXTmpFiles\license.tmp
2023-11-05 13:45:39,306 [INFO] CodeEngine:239 - oldGeneratedFile, C:\Users\takudo\stmlab4\lab4\MXTmpFiles\gpio.tmp_save
2023-11-05 13:45:39,480 [INFO] CodeEngine:257 - Generated code: C:\Users\takudo\stmlab4\lab4\MXTmpFiles\gpio.tmp
2023-11-05 13:45:40,042 [INFO] CodeEngine:239 - oldGeneratedFile, C:\Users\takudo\stmlab4\lab4\Core\Src\stm32f1xx_it.c_save
2023-11-05 13:45:40,420 [INFO] CodeEngine:257 - Generated code: C:\Users\takudo\stmlab4\lab4\Core\Src\stm32f1xx_it.c
2023-11-05 13:45:40,427 [INFO] CodeEngine:239 - oldGeneratedFile, C:\Users\takudo\stmlab4\lab4\Core\Inc\stm32f1xx_it.h_save
2023-11-05 13:45:40,560 [INFO] CodeEngine:257 - Generated code: C:\Users\takudo\stmlab4\lab4\Core\Inc\stm32f1xx_it.h
2023-11-05 13:45:40,597 [INFO] CodeEngine:239 - oldGeneratedFile, C:\Users\takudo\stmlab4\lab4\Core\Src\stm32f1xx_hal_msp.c_save
2023-11-05 13:45:40,922 [INFO] CodeEngine:257 - Generated code: C:\Users\takudo\stmlab4\lab4\Core\Src\stm32f1xx_hal_msp.c
2023-11-05 13:45:40,926 [INFO] CodeEngine:239 - oldGeneratedFile, C:\Users\takudo\stmlab4\lab4\MXTmpFiles\system.tmp_save
2023-11-05 13:45:41,030 [INFO] CodeEngine:257 - Generated code: C:\Users\takudo\stmlab4\lab4\MXTmpFiles\system.tmp
2023-11-05 13:45:41,046 [INFO] CodeEngine:239 - oldGeneratedFile, C:\Users\takudo\stmlab4\lab4\Core\Inc\stm32f1xx_hal_conf.h_save
2023-11-05 13:45:41,386 [INFO] CodeEngine:257 - Generated code: C:\Users\takudo\stmlab4\lab4\Core\Inc\stm32f1xx_hal_conf.h
2023-11-05 13:45:41,472 [WARN] IPConfigManager:3148 - IP not found : TIM
2023-11-05 13:45:41,473 [WARN] CodeGenerator:3268 - IP not found : null
2023-11-05 13:45:41,489 [INFO] CodeEngine:239 - oldGeneratedFile, C:\Users\takudo\stmlab4\lab4\Core\Inc\main.h_save
2023-11-05 13:45:41,626 [INFO] CodeEngine:257 - Generated code: C:\Users\takudo\stmlab4\lab4\Core\Inc\main.h
2023-11-05 13:45:41,636 [INFO] CodeEngine:239 - oldGeneratedFile, C:\Users\takudo\stmlab4\lab4\Core\Src\main.c_save
2023-11-05 13:45:41,887 [INFO] CodeEngine:257 - Generated code: C:\Users\takudo\stmlab4\lab4\Core\Src\main.c
2023-11-05 13:45:43,491 [INFO] ProjectBuilder:2578 - Time for Copy HAL[1] : 175mS.
2023-11-05 13:45:43,518 [INFO] ProjectBuilder:3622 - Project Generator version: 3.14.1
2023-11-05 13:45:44,432 [INFO] ConfigFileManager:1271 - The Die is : DIE412
2023-11-05 13:45:49,770 [INFO] ProjectBuilder:3789 - Time for Generating toolchain IDE Files: 6252mS.
2023-11-05 13:45:49,771 [INFO] ProjectBuilder:2457 - Time for Copy CMSIS : 0mS.
2023-11-05 13:45:49,774 [INFO] ProjectBuilder:2457 - Time for Copy CMSIS : 0mS.
2023-11-05 15:00:31,640 [INFO] UtilMem:74 - End SaveConfig() Used Memory: 911179400 Bytes (1073741824)
2023-11-05 15:00:32,180 [INFO] UtilMem:74 - End SaveConfig() Used Memory: 772512184 Bytes (1073741824)
2023-11-05 15:00:38,447 [INFO] UtilMem:74 - End SaveConfig() Used Memory: 775702504 Bytes (1073741824)
2023-11-05 15:00:39,851 [INFO] BlockDiagram:2740 - set Specific Code input for plugin: NVIC
2023-11-05 15:00:39,851 [INFO] BlockDiagram:2740 - set Specific Code input for plugin: SYS
2023-11-05 15:00:39,852 [INFO] BlockDiagram:2740 - set Specific Code input for plugin: GPIO
2023-11-05 15:00:39,854 [INFO] BlockDiagram:2740 - set Specific Code input for plugin: ADC
2023-11-05 15:00:39,854 [INFO] BlockDiagram:2740 - set Specific Code input for plugin: USART
2023-11-05 15:00:39,854 [INFO] BlockDiagram:2740 - set Specific Code input for plugin: RCC
2023-11-05 15:00:39,854 [INFO] BlockDiagram:2740 - set Specific Code input for plugin: TIM1_8F1
2023-11-05 15:00:39,856 [INFO] CodeGenerator:663 - code generatio: config db path: C:\ST\STM32CubeIDE_1.7.0\STM32CubeIDE\plugins\com.st.stm32cube.common.mx_6.3.0.202107141111\\db\
2023-11-05 15:00:40,814 [INFO] CodeEngine:239 - oldGeneratedFile, C:\Users\takudo\stmlab4\lab4\MXTmpFiles\license.tmp_save
2023-11-05 15:00:41,299 [INFO] CodeEngine:257 - Generated code: C:\Users\takudo\stmlab4\lab4\MXTmpFiles\license.tmp
2023-11-05 15:00:41,384 [INFO] CodeEngine:239 - oldGeneratedFile, C:\Users\takudo\stmlab4\lab4\MXTmpFiles\gpio.tmp_save
2023-11-05 15:00:41,639 [INFO] CodeEngine:257 - Generated code: C:\Users\takudo\stmlab4\lab4\MXTmpFiles\gpio.tmp
2023-11-05 15:00:42,073 [INFO] CodeEngine:239 - oldGeneratedFile, C:\Users\takudo\stmlab4\lab4\Core\Src\stm32f1xx_it.c_save
2023-11-05 15:00:42,420 [INFO] CodeEngine:257 - Generated code: C:\Users\takudo\stmlab4\lab4\Core\Src\stm32f1xx_it.c
2023-11-05 15:00:42,426 [INFO] CodeEngine:239 - oldGeneratedFile, C:\Users\takudo\stmlab4\lab4\Core\Inc\stm32f1xx_it.h_save
2023-11-05 15:00:42,588 [INFO] CodeEngine:257 - Generated code: C:\Users\takudo\stmlab4\lab4\Core\Inc\stm32f1xx_it.h
2023-11-05 15:00:42,606 [INFO] CodeEngine:239 - oldGeneratedFile, C:\Users\takudo\stmlab4\lab4\Core\Src\stm32f1xx_hal_msp.c_save
2023-11-05 15:00:42,840 [INFO] CodeEngine:257 - Generated code: C:\Users\takudo\stmlab4\lab4\Core\Src\stm32f1xx_hal_msp.c
2023-11-05 15:00:42,845 [INFO] CodeEngine:239 - oldGeneratedFile, C:\Users\takudo\stmlab4\lab4\MXTmpFiles\system.tmp_save
2023-11-05 15:00:42,956 [INFO] CodeEngine:257 - Generated code: C:\Users\takudo\stmlab4\lab4\MXTmpFiles\system.tmp
2023-11-05 15:00:42,970 [INFO] CodeEngine:239 - oldGeneratedFile, C:\Users\takudo\stmlab4\lab4\Core\Inc\stm32f1xx_hal_conf.h_save
2023-11-05 15:00:43,102 [INFO] CodeEngine:257 - Generated code: C:\Users\takudo\stmlab4\lab4\Core\Inc\stm32f1xx_hal_conf.h
2023-11-05 15:00:43,136 [WARN] IPConfigManager:3148 - IP not found : TIM
2023-11-05 15:00:43,138 [WARN] CodeGenerator:3268 - IP not found : null
2023-11-05 15:00:43,153 [INFO] CodeEngine:239 - oldGeneratedFile, C:\Users\takudo\stmlab4\lab4\Core\Inc\main.h_save
2023-11-05 15:00:43,296 [INFO] CodeEngine:257 - Generated code: C:\Users\takudo\stmlab4\lab4\Core\Inc\main.h
2023-11-05 15:00:43,307 [INFO] CodeEngine:239 - oldGeneratedFile, C:\Users\takudo\stmlab4\lab4\Core\Src\main.c_save
2023-11-05 15:00:43,552 [INFO] CodeEngine:257 - Generated code: C:\Users\takudo\stmlab4\lab4\Core\Src\main.c
2023-11-05 15:00:45,146 [INFO] ProjectBuilder:2578 - Time for Copy HAL[1] : 85mS.
2023-11-05 15:00:45,161 [INFO] ProjectBuilder:3622 - Project Generator version: 3.14.1
2023-11-05 15:00:46,073 [INFO] ConfigFileManager:1271 - The Die is : DIE412
2023-11-05 15:00:52,281 [INFO] ProjectBuilder:3789 - Time for Generating toolchain IDE Files: 7120mS.
2023-11-05 15:00:52,285 [INFO] ProjectBuilder:2457 - Time for Copy CMSIS : 1mS.
2023-11-05 15:00:52,288 [INFO] ProjectBuilder:2457 - Time for Copy CMSIS : 0mS.
